  [4;36;1mSQL (0.0ms)[0m   [0;1mSET SQL_AUTO_IS_NULL=0[0m


Processing ApplicationController#index (for 127.0.0.1 at 2011-08-13 13:17:33) [GET]

ActionController::RoutingError (No route matches "/my_admin/main" with {:method=>:get}):
  C:/Ruby187/lib/ruby/1.8/webrick/httpserver.rb:104:in `service'
  C:/Ruby187/lib/ruby/1.8/webrick/httpserver.rb:65:in `run'
  C:/Ruby187/lib/ruby/1.8/webrick/server.rb:173:in `start_thread'
  C:/Ruby187/lib/ruby/1.8/webrick/server.rb:162:in `start'
  C:/Ruby187/lib/ruby/1.8/webrick/server.rb:162:in `start_thread'
  C:/Ruby187/lib/ruby/1.8/webrick/server.rb:95:in `start'
  C:/Ruby187/lib/ruby/1.8/webrick/server.rb:92:in `each'
  C:/Ruby187/lib/ruby/1.8/webrick/server.rb:92:in `start'
  C:/Ruby187/lib/ruby/1.8/webrick/server.rb:23:in `start'
  C:/Ruby187/lib/ruby/1.8/webrick/server.rb:82:in `start'

Rendering rescues/layout (not_found)
  [4;35;1mSQL (0.0ms)[0m   [0mSET SQL_AUTO_IS_NULL=0[0m


Processing ApplicationController#index (for 127.0.0.1 at 2011-08-13 13:17:51) [GET]

ActionController::RoutingError (No route matches "/my_admin/main" with {:method=>:get}):
  C:/Ruby187/lib/ruby/1.8/webrick/httpserver.rb:104:in `service'
  C:/Ruby187/lib/ruby/1.8/webrick/httpserver.rb:65:in `run'
  C:/Ruby187/lib/ruby/1.8/webrick/server.rb:173:in `start_thread'
  C:/Ruby187/lib/ruby/1.8/webrick/server.rb:162:in `start'
  C:/Ruby187/lib/ruby/1.8/webrick/server.rb:162:in `start_thread'
  C:/Ruby187/lib/ruby/1.8/webrick/server.rb:95:in `start'
  C:/Ruby187/lib/ruby/1.8/webrick/server.rb:92:in `each'
  C:/Ruby187/lib/ruby/1.8/webrick/server.rb:92:in `start'
  C:/Ruby187/lib/ruby/1.8/webrick/server.rb:23:in `start'
  C:/Ruby187/lib/ruby/1.8/webrick/server.rb:82:in `start'

Rendering rescues/layout (not_found)
  [4;36;1mSQL (0.0ms)[0m   [0;1mSET SQL_AUTO_IS_NULL=0[0m


Processing MyAdmin::MainController#index (for 127.0.0.1 at 2011-08-13 13:20:38) [GET]
Rendering template within layouts/my_admin
Rendering my_admin/main/index
Completed in 18ms (View: 16, DB: 0) | 200 OK [http://localhost/my_admin/main]
  [4;35;1mSQL (0.0ms)[0m   [0mSET SQL_AUTO_IS_NULL=0[0m


Processing MyAdmin::MainController#models (for 127.0.0.1 at 2011-08-13 13:20:39) [GET]
Rendering my_admin/main/models
Completed in 10ms (View: 8, DB: 0) | 200 OK [http://localhost/my_admin/main/models]
  [4;36;1mSQL (0.0ms)[0m   [0;1mSET SQL_AUTO_IS_NULL=0[0m


Processing MyAdmin::MainController#main (for 127.0.0.1 at 2011-08-13 13:20:39) [GET]
Rendering my_admin/main/main
Rendered my_admin/main/_ajax (2.0ms)
Rendered my_admin/main/_includes (5536.3ms)
Completed in 5550ms (View: 5548, DB: 0) | 200 OK [http://localhost/my_admin/main/main]
  [4;35;1mSQL (0.0ms)[0m   [0mSET SQL_AUTO_IS_NULL=0[0m


Processing MyAdmin::MainController#models (for 127.0.0.1 at 2011-08-13 13:20:45) [GET]
Rendering my_admin/main/models
Completed in 4ms (View: 2, DB: 0) | 200 OK [http://localhost/my_admin/main/models]
  [4;36;1mSQL (0.0ms)[0m   [0;1mSET SQL_AUTO_IS_NULL=0[0m
  [4;35;1mSQL (35.0ms)[0m   [0mSHOW TABLES[0m
  [4;36;1mSQL (72.0ms)[0m   [0;1mCREATE TABLE `schema_migrations` (`version` varchar(255) NOT NULL) ENGINE=InnoDB[0m
  [4;35;1mSQL (1.0ms)[0m   [0mSHOW KEYS FROM `schema_migrations`[0m
  [4;36;1mSQL (53.0ms)[0m   [0;1mCREATE UNIQUE INDEX `unique_schema_migrations` ON `schema_migrations` (`version`)[0m
  [4;35;1mSQL (2.0ms)[0m   [0mSHOW TABLES[0m
  [4;36;1mSQL (2.0ms)[0m   [0;1mSELECT version FROM schema_migrations[0m
Migrating to CreateItems (20110813075531)
  [4;35;1mSQL (11.0ms)[0m   [0mCREATE TABLE `items` (`id` int(11) DEFAULT NULL auto_increment PRIMARY KEY, `name` varchar(255), `type` varchar(255), `description` varchar(255), `hits` int(11), `created_at` datetime, `updated_at` datetime) ENGINE=InnoDB[0m
  [4;36;1mSQL (1.0ms)[0m   [0;1mINSERT INTO schema_migrations (version) VALUES ('20110813075531')[0m
  [4;35;1mSQL (1.0ms)[0m   [0mSHOW TABLES[0m
  [4;36;1mSQL (1.0ms)[0m   [0;1mSELECT version FROM schema_migrations[0m
  [4;35;1mSQL (1.0ms)[0m   [0mSHOW TABLES[0m
  [4;36;1mSQL (6.0ms)[0m   [0;1mSHOW FIELDS FROM `items`[0m
  [4;35;1mSQL (4.0ms)[0m   [0mdescribe `items`[0m
  [4;36;1mSQL (1.0ms)[0m   [0;1mSHOW KEYS FROM `items`[0m
  [4;36;1mSQL (0.0ms)[0m   [0;1mSET SQL_AUTO_IS_NULL=0[0m


Processing MyAdmin::MainController#index (for 127.0.0.1 at 2011-08-13 13:26:08) [GET]
Rendering template within layouts/my_admin
Rendering my_admin/main/index
Completed in 6ms (View: 4, DB: 0) | 200 OK [http://localhost/my_admin/main]
  [4;35;1mSQL (1.0ms)[0m   [0mSET SQL_AUTO_IS_NULL=0[0m


Processing MyAdmin::MainController#models (for 127.0.0.1 at 2011-08-13 13:26:09) [GET]
Rendering my_admin/main/models
  [4;36;1mItem Columns (2.0ms)[0m   [0;1mSHOW FIELDS FROM `items`[0m
  [4;35;1mSQL (1.0ms)[0m   [0mSELECT count(*) AS count_all FROM `items` [0m
Completed in 13ms (View: 6, DB: 4) | 200 OK [http://localhost/my_admin/main/models]
  [4;36;1mSQL (0.0ms)[0m   [0;1mSET SQL_AUTO_IS_NULL=0[0m


Processing MyAdmin::MainController#main (for 127.0.0.1 at 2011-08-13 13:26:09) [GET]
Rendering my_admin/main/main
Rendered my_admin/main/_ajax (1.0ms)
Rendered my_admin/main/_includes (4.0ms)

ActionView::TemplateError (uninitialized constant MyAdmin::CommonController::Inflector) on line #26 of app/views/my_admin/main/main.rhtml:
23:   </tr>
24:   <% @models.each do |m| %>
25:     <tr valign="middle" class="<%= cycle("even", "odd-main") %>">
26:       <td style="font-size:1.9em" width="33%"><%= link_to(readable_class_name(m), url_for(:controller => 'model', :action => 'list', :model => m.to_s), :target => 'frame_content') %></td>
27:       <td><%= link_to('Spy', url_for(:controller => 'spy', :action => 'index', :model => m.to_s), :target => 'frame_content') %></td>
28:       <%= form_tag(url_for(:controller => 'model', :action => 'lookup', :model => m.to_s)) %>
29:       <td width="300px;">

    app/controllers/my_admin/common_controller.rb:40:in `readable_class_name'
    (eval):2:in `send'
    (eval):2:in `readable_class_name'
    app/views/my_admin/main/main.rhtml:26:in `_run_rhtml_app47views47my_admin47main47main46rhtml'
    app/views/my_admin/main/main.rhtml:24:in `each'
    app/views/my_admin/main/main.rhtml:24:in `_run_rhtml_app47views47my_admin47main47main46rhtml'
    C:/Ruby187/lib/ruby/1.8/webrick/httpserver.rb:104:in `service'
    C:/Ruby187/lib/ruby/1.8/webrick/httpserver.rb:65:in `run'
    C:/Ruby187/lib/ruby/1.8/webrick/server.rb:173:in `start_thread'
    C:/Ruby187/lib/ruby/1.8/webrick/server.rb:162:in `start'
    C:/Ruby187/lib/ruby/1.8/webrick/server.rb:162:in `start_thread'
    C:/Ruby187/lib/ruby/1.8/webrick/server.rb:95:in `start'
    C:/Ruby187/lib/ruby/1.8/webrick/server.rb:92:in `each'
    C:/Ruby187/lib/ruby/1.8/webrick/server.rb:92:in `start'
    C:/Ruby187/lib/ruby/1.8/webrick/server.rb:23:in `start'
    C:/Ruby187/lib/ruby/1.8/webrick/server.rb:82:in `start'

Rendered rescues/_trace (49.0ms)
Rendered rescues/_request_and_response (2.0ms)
Rendering rescues/layout (internal_server_error)
  [4;35;1mSQL (0.0ms)[0m   [0mSET SQL_AUTO_IS_NULL=0[0m


Processing MyAdmin::MainController#index (for 127.0.0.1 at 2011-08-13 13:30:24) [GET]
Rendering template within layouts/my_admin
Rendering my_admin/main/index
Completed in 6ms (View: 4, DB: 0) | 200 OK [http://localhost/my_admin/main]
  [4;36;1mSQL (0.0ms)[0m   [0;1mSET SQL_AUTO_IS_NULL=0[0m


Processing MyAdmin::MainController#main (for 127.0.0.1 at 2011-08-13 13:30:25) [GET]
Rendering my_admin/main/main
Rendered my_admin/main/_ajax (1.0ms)
Rendered my_admin/main/_includes (5.0ms)
  [4;35;1mItem Columns (3.0ms)[0m   [0mSHOW FIELDS FROM `items`[0m
DEPRECATION WARNING: truncate takes an option hash instead of separate length and omission arguments. (called from column_options at E:/facemash/app/helpers/my_admin/common_helper.rb:24)
DEPRECATION WARNING: truncate takes an option hash instead of separate length and omission arguments. (called from column_options at E:/facemash/app/helpers/my_admin/common_helper.rb:24)
DEPRECATION WARNING: truncate takes an option hash instead of separate length and omission arguments. (called from column_options at E:/facemash/app/helpers/my_admin/common_helper.rb:24)
DEPRECATION WARNING: truncate takes an option hash instead of separate length and omission arguments. (called from column_options at E:/facemash/app/helpers/my_admin/common_helper.rb:24)
DEPRECATION WARNING: truncate takes an option hash instead of separate length and omission arguments. (called from column_options at E:/facemash/app/helpers/my_admin/common_helper.rb:24)
DEPRECATION WARNING: truncate takes an option hash instead of separate length and omission arguments. (called from column_options at E:/facemash/app/helpers/my_admin/common_helper.rb:24)
DEPRECATION WARNING: truncate takes an option hash instead of separate length and omission arguments. (called from column_options at E:/facemash/app/helpers/my_admin/common_helper.rb:24)
  [4;36;1mSQL (1.0ms)[0m   [0;1mSHOW TABLES[0m
  [4;35;1mSQL (0.0ms)[0m   [0mSHOW TABLES[0m
  [4;36;1mSQL (1.0ms)[0m   [0;1mSHOW TABLES[0m
  [4;35;1mSQL (0.0ms)[0m   [0mSHOW TABLES[0m

ActionView::TemplateError (undefined local variable or method `end_form_tag' for #<ActionView::Base:0x8b0c5d8>) on line #36 of app/views/my_admin/main/main.rhtml:
33:           <%= text_field_tag('query', '', :size => 7) %>
34:           <input type="submit" value="Go"/>
35:       </td>
36:       <%= end_form_tag %>
37:       <td>
38:       <% destroy_all = url_for(:controller => 'model', :action => 'destroy_all', :model => m.to_s) %>
39:       <%= link_to_remote("#{trash_img} Destroy All", :url => destroy_all, :post => true, :loading => 'loading()', :complete => 'loaded()', :confirm => destroy_confirm_txt) %></td>

    app/views/my_admin/main/main.rhtml:36:in `_run_rhtml_app47views47my_admin47main47main46rhtml'
    app/views/my_admin/main/main.rhtml:24:in `each'
    app/views/my_admin/main/main.rhtml:24:in `_run_rhtml_app47views47my_admin47main47main46rhtml'
    C:/Ruby187/lib/ruby/1.8/webrick/httpserver.rb:104:in `service'
    C:/Ruby187/lib/ruby/1.8/webrick/httpserver.rb:65:in `run'
    C:/Ruby187/lib/ruby/1.8/webrick/server.rb:173:in `start_thread'
    C:/Ruby187/lib/ruby/1.8/webrick/server.rb:162:in `start'
    C:/Ruby187/lib/ruby/1.8/webrick/server.rb:162:in `start_thread'
    C:/Ruby187/lib/ruby/1.8/webrick/server.rb:95:in `start'
    C:/Ruby187/lib/ruby/1.8/webrick/server.rb:92:in `each'
    C:/Ruby187/lib/ruby/1.8/webrick/server.rb:92:in `start'
    C:/Ruby187/lib/ruby/1.8/webrick/server.rb:23:in `start'
    C:/Ruby187/lib/ruby/1.8/webrick/server.rb:82:in `start'

  [4;36;1mSQL (0.0ms)[0m   [0;1mSHOW TABLES[0m
  [4;35;1mSQL (1.0ms)[0m   [0mSHOW TABLES[0m
Rendered rescues/_trace (59.0ms)
Rendered rescues/_request_and_response (1.0ms)
Rendering rescues/layout (internal_server_error)
  [4;36;1mSQL (0.0ms)[0m   [0;1mSET SQL_AUTO_IS_NULL=0[0m


Processing MyAdmin::MainController#models (for 127.0.0.1 at 2011-08-13 13:30:25) [GET]
Rendering my_admin/main/models
  [4;35;1mItem Columns (3.0ms)[0m   [0mSHOW FIELDS FROM `items`[0m
  [4;36;1mSQL (1.0ms)[0m   [0;1mSELECT count(*) AS count_all FROM `items` [0m
Completed in 17ms (View: 7, DB: 4) | 200 OK [http://localhost/my_admin/main/models]
  [4;35;1mSQL (0.0ms)[0m   [0mSET SQL_AUTO_IS_NULL=0[0m


Processing MyAdmin::MainController#index (for 127.0.0.1 at 2011-08-13 13:31:03) [GET]
Rendering template within layouts/my_admin
Rendering my_admin/main/index
Completed in 5ms (View: 4, DB: 0) | 200 OK [http://localhost/my_admin/main]
  [4;36;1mSQL (1.0ms)[0m   [0;1mSET SQL_AUTO_IS_NULL=0[0m


Processing MyAdmin::MainController#main (for 127.0.0.1 at 2011-08-13 13:31:04) [GET]
Rendering my_admin/main/main
ERROR: compiling _run_rhtml_app47views47my_admin47main47main46rhtml RAISED compile error
E:/facemash/app/views/my_admin/main/main.rhtml:36: syntax error, unexpected kEND
; @output_buffer.concat(( end ).to_s); @output_buffer.conca...
                             ^
Function body:           def _run_rhtml_app47views47my_admin47main47main46rhtml(local_assigns)
            old_output_buffer = output_buffer;;@output_buffer = '';  __in_erb_template=true ; @output_buffer.concat(( render :partial => 'includes' ).to_s); @output_buffer.concat "\n\n<style type=\"text/css\">\n<!--\na {text-decoration: none;}\na:hover {\n  background-color: #369;\n  color: #fff;\n}\n-->\n</style>\n\n<h1>MyAdmin Dashboard</h1>\n"












; 
trash_img = image_tag('/my_admin/images/destroy.png', :border => 'none')
destroy_confirm_txt = "Are you 100% sure?\nThis will destroy ALL ROWS in this table and cannot be undone."
@output_buffer.concat "\n<table cellpadding=\"2\" cellspacing=\"2\" width=\"98%\">\n  <tr>\n    <th></th>\n    <th align=\"left\"></th>\n    <th align=\"left\">Quick Lookup</th>\n  </tr>\n  "






;  @models.each do |m| ; @output_buffer.concat "\n    <tr valign=\"middle\" class=\""
; @output_buffer.concat(( cycle("even", "odd-main") ).to_s); @output_buffer.concat "\">\n      <td style=\"font-size:1.9em\" width=\"33%\">"
; @output_buffer.concat "</td>\n      <td>"
; @output_buffer.concat(( link_to('Spy', url_for(:controller => 'spy', :action => 'index', :model => m.to_s), :target => 'frame_content') ).to_s); @output_buffer.concat "</td>\n      "
; @output_buffer.concat(( form_tag(url_for(:controller => 'model', :action => 'lookup', :model => m.to_s)) ).to_s); @output_buffer.concat "\n      <td width=\"300px;\">\n          <select name=\"column_name\" style=\"width: 150px;\">\n            "


; @output_buffer.concat(( column_options(m.columns) ).to_s); @output_buffer.concat "\n          </select>\n          "

; @output_buffer.concat(( text_field_tag('query', '', :size => 7) ).to_s); @output_buffer.concat "\n          <input type=\"submit\" value=\"Go\"/>\n      </td>\n      "


; @output_buffer.concat(( end ).to_s); @output_buffer.concat "\n      <td>\n      "

;  destroy_all = url_for(:controller => 'model', :action => 'destroy_all', :model => m.to_s) ; @output_buffer.concat "\n      "
; @output_buffer.concat(( link_to_remote("#{trash_img} Destroy All", :url => destroy_all, :post => true, :loading => 'loading()', :complete => 'loaded()', :confirm => destroy_confirm_txt) ).to_s); @output_buffer.concat "</td>\n    </tr>\n  "

;  end ; @output_buffer.concat "\n</table>\n"

; @output_buffer
          ensure
            self.output_buffer = old_output_buffer
          end
Backtrace: E:/facemash/app/views/my_admin/main/main.rhtml:46:in `compile!'
C:/Ruby187/lib/ruby/gems/1.8/gems/actionpack-2.3.8/lib/action_view/renderable.rb:61:in `compile'
C:/Ruby187/lib/ruby/gems/1.8/gems/actionpack-2.3.8/lib/action_view/renderable.rb:28:in `render'
C:/Ruby187/lib/ruby/gems/1.8/gems/actionpack-2.3.8/lib/action_view/template.rb:205:in `render_template'
C:/Ruby187/lib/ruby/gems/1.8/gems/actionpack-2.3.8/lib/action_view/base.rb:265:in `render'
C:/Ruby187/lib/ruby/gems/1.8/gems/actionpack-2.3.8/lib/action_controller/base.rb:1250:in `render_for_file'
C:/Ruby187/lib/ruby/gems/1.8/gems/actionpack-2.3.8/lib/action_controller/base.rb:936:in `render_without_benchmark'
C:/Ruby187/lib/ruby/gems/1.8/gems/actionpack-2.3.8/lib/action_controller/benchmarking.rb:51:in `render'
C:/Ruby187/lib/ruby/gems/1.8/gems/activesupport-2.3.8/lib/active_support/core_ext/benchmark.rb:17:in `ms'
C:/Ruby187/lib/ruby/1.8/benchmark.rb:308:in `realtime'
C:/Ruby187/lib/ruby/gems/1.8/gems/activesupport-2.3.8/lib/active_support/core_ext/benchmark.rb:17:in `ms'
C:/Ruby187/lib/ruby/gems/1.8/gems/actionpack-2.3.8/lib/action_controller/benchmarking.rb:51:in `render'
C:/Ruby187/lib/ruby/gems/1.8/gems/actionpack-2.3.8/lib/action_controller/base.rb:1326:in `default_render'
C:/Ruby187/lib/ruby/gems/1.8/gems/actionpack-2.3.8/lib/action_controller/base.rb:1332:in `perform_action_without_filters'
C:/Ruby187/lib/ruby/gems/1.8/gems/actionpack-2.3.8/lib/action_controller/filters.rb:617:in `call_filters'
C:/Ruby187/lib/ruby/gems/1.8/gems/actionpack-2.3.8/lib/action_controller/filters.rb:610:in `perform_action_without_benchmark'
C:/Ruby187/lib/ruby/gems/1.8/gems/actionpack-2.3.8/lib/action_controller/benchmarking.rb:68:in `perform_action_without_rescue'
C:/Ruby187/lib/ruby/gems/1.8/gems/activesupport-2.3.8/lib/active_support/core_ext/benchmark.rb:17:in `ms'
C:/Ruby187/lib/ruby/1.8/benchmark.rb:308:in `realtime'
C:/Ruby187/lib/ruby/gems/1.8/gems/activesupport-2.3.8/lib/active_support/core_ext/benchmark.rb:17:in `ms'
C:/Ruby187/lib/ruby/gems/1.8/gems/actionpack-2.3.8/lib/action_controller/benchmarking.rb:68:in `perform_action_without_rescue'
C:/Ruby187/lib/ruby/gems/1.8/gems/actionpack-2.3.8/lib/action_controller/rescue.rb:160:in `perform_action_without_flash'
C:/Ruby187/lib/ruby/gems/1.8/gems/actionpack-2.3.8/lib/action_controller/flash.rb:151:in `perform_action'
C:/Ruby187/lib/ruby/gems/1.8/gems/actionpack-2.3.8/lib/action_controller/base.rb:532:in `send'
C:/Ruby187/lib/ruby/gems/1.8/gems/actionpack-2.3.8/lib/action_controller/base.rb:532:in `process_without_filters'
C:/Ruby187/lib/ruby/gems/1.8/gems/actionpack-2.3.8/lib/action_controller/filters.rb:606:in `process'
C:/Ruby187/lib/ruby/gems/1.8/gems/actionpack-2.3.8/lib/action_controller/base.rb:391:in `process'
C:/Ruby187/lib/ruby/gems/1.8/gems/actionpack-2.3.8/lib/action_controller/base.rb:386:in `call'
C:/Ruby187/lib/ruby/gems/1.8/gems/actionpack-2.3.8/lib/action_controller/routing/route_set.rb:438:in `call'
C:/Ruby187/lib/ruby/gems/1.8/gems/actionpack-2.3.8/lib/action_controller/dispatcher.rb:87:in `dispatch'
C:/Ruby187/lib/ruby/gems/1.8/gems/actionpack-2.3.8/lib/action_controller/dispatcher.rb:121:in `_call'
C:/Ruby187/lib/ruby/gems/1.8/gems/actionpack-2.3.8/lib/action_controller/dispatcher.rb:130:in `build_middleware_stack'
C:/Ruby187/lib/ruby/gems/1.8/gems/activerecord-2.3.8/lib/active_record/query_cache.rb:29:in `call'
C:/Ruby187/lib/ruby/gems/1.8/gems/activerecord-2.3.8/lib/active_record/query_cache.rb:29:in `call'
C:/Ruby187/lib/ruby/gems/1.8/gems/activerecord-2.3.8/lib/active_record/connection_adapters/abstract/query_cache.rb:34:in `cache'
C:/Ruby187/lib/ruby/gems/1.8/gems/activerecord-2.3.8/lib/active_record/query_cache.rb:9:in `cache'
C:/Ruby187/lib/ruby/gems/1.8/gems/activerecord-2.3.8/lib/active_record/query_cache.rb:28:in `call'
C:/Ruby187/lib/ruby/gems/1.8/gems/activerecord-2.3.8/lib/active_record/connection_adapters/abstract/connection_pool.rb:361:in `call'
C:/Ruby187/lib/ruby/gems/1.8/gems/actionpack-2.3.8/lib/action_controller/string_coercion.rb:25:in `call'
C:/Ruby187/lib/ruby/gems/1.8/gems/rack-1.1.2/lib/rack/head.rb:9:in `call'
C:/Ruby187/lib/ruby/gems/1.8/gems/rack-1.1.2/lib/rack/methodoverride.rb:24:in `call'
C:/Ruby187/lib/ruby/gems/1.8/gems/actionpack-2.3.8/lib/action_controller/params_parser.rb:15:in `call'
C:/Ruby187/lib/ruby/gems/1.8/gems/actionpack-2.3.8/lib/action_controller/session/cookie_store.rb:99:in `call'
C:/Ruby187/lib/ruby/gems/1.8/gems/actionpack-2.3.8/lib/action_controller/failsafe.rb:26:in `call'
C:/Ruby187/lib/ruby/gems/1.8/gems/rack-1.1.2/lib/rack/lock.rb:11:in `call'
C:/Ruby187/lib/ruby/gems/1.8/gems/rack-1.1.2/lib/rack/lock.rb:11:in `synchronize'
C:/Ruby187/lib/ruby/gems/1.8/gems/rack-1.1.2/lib/rack/lock.rb:11:in `call'
C:/Ruby187/lib/ruby/gems/1.8/gems/actionpack-2.3.8/lib/action_controller/dispatcher.rb:114:in `call'
C:/Ruby187/lib/ruby/gems/1.8/gems/actionpack-2.3.8/lib/action_controller/reloader.rb:34:in `run'
C:/Ruby187/lib/ruby/gems/1.8/gems/actionpack-2.3.8/lib/action_controller/dispatcher.rb:108:in `call'
C:/Ruby187/lib/ruby/gems/1.8/gems/rails-2.3.8/lib/rails/rack/static.rb:31:in `call'
C:/Ruby187/lib/ruby/gems/1.8/gems/rack-1.1.2/lib/rack/urlmap.rb:47:in `call'
C:/Ruby187/lib/ruby/gems/1.8/gems/rack-1.1.2/lib/rack/urlmap.rb:41:in `each'
C:/Ruby187/lib/ruby/gems/1.8/gems/rack-1.1.2/lib/rack/urlmap.rb:41:in `call'
C:/Ruby187/lib/ruby/gems/1.8/gems/rails-2.3.8/lib/rails/rack/log_tailer.rb:17:in `call'
C:/Ruby187/lib/ruby/gems/1.8/gems/rack-1.1.2/lib/rack/content_length.rb:13:in `call'
C:/Ruby187/lib/ruby/gems/1.8/gems/rack-1.1.2/lib/rack/handler/webrick.rb:48:in `service'
C:/Ruby187/lib/ruby/1.8/webrick/httpserver.rb:104:in `service'
C:/Ruby187/lib/ruby/1.8/webrick/httpserver.rb:65:in `run'
C:/Ruby187/lib/ruby/1.8/webrick/server.rb:173:in `start_thread'
C:/Ruby187/lib/ruby/1.8/webrick/server.rb:162:in `start'
C:/Ruby187/lib/ruby/1.8/webrick/server.rb:162:in `start_thread'
C:/Ruby187/lib/ruby/1.8/webrick/server.rb:95:in `start'
C:/Ruby187/lib/ruby/1.8/webrick/server.rb:92:in `each'
C:/Ruby187/lib/ruby/1.8/webrick/server.rb:92:in `start'
C:/Ruby187/lib/ruby/1.8/webrick/server.rb:23:in `start'
C:/Ruby187/lib/ruby/1.8/webrick/server.rb:82:in `start'
C:/Ruby187/lib/ruby/gems/1.8/gems/rack-1.1.2/lib/rack/handler/webrick.rb:14:in `run'
C:/Ruby187/lib/ruby/gems/1.8/gems/rails-2.3.8/lib/commands/server.rb:111
C:/Ruby187/lib/ruby/site_ruby/1.8/rubygems/custom_require.rb:29:in `gem_original_require'
C:/Ruby187/lib/ruby/site_ruby/1.8/rubygems/custom_require.rb:29:in `require'
script/server:3

ActionView::TemplateError (compile error
E:/facemash/app/views/my_admin/main/main.rhtml:36: syntax error, unexpected kEND
; @output_buffer.concat(( end ).to_s); @output_buffer.conca...
                             ^) on line #36 of app/views/my_admin/main/main.rhtml:
33:           <%= text_field_tag('query', '', :size => 7) %>
34:           <input type="submit" value="Go"/>
35:       </td>
36:       <%= end %>
37:       <td>
38:       <% destroy_all = url_for(:controller => 'model', :action => 'destroy_all', :model => m.to_s) %>
39:       <%= link_to_remote("#{trash_img} Destroy All", :url => destroy_all, :post => true, :loading => 'loading()', :complete => 'loaded()', :confirm => destroy_confirm_txt) %></td>

    app/views/my_admin/main/main.rhtml:46:in `compile!'
    C:/Ruby187/lib/ruby/1.8/webrick/httpserver.rb:104:in `service'
    C:/Ruby187/lib/ruby/1.8/webrick/httpserver.rb:65:in `run'
    C:/Ruby187/lib/ruby/1.8/webrick/server.rb:173:in `start_thread'
    C:/Ruby187/lib/ruby/1.8/webrick/server.rb:162:in `start'
    C:/Ruby187/lib/ruby/1.8/webrick/server.rb:162:in `start_thread'
    C:/Ruby187/lib/ruby/1.8/webrick/server.rb:95:in `start'
    C:/Ruby187/lib/ruby/1.8/webrick/server.rb:92:in `each'
    C:/Ruby187/lib/ruby/1.8/webrick/server.rb:92:in `start'
    C:/Ruby187/lib/ruby/1.8/webrick/server.rb:23:in `start'
    C:/Ruby187/lib/ruby/1.8/webrick/server.rb:82:in `start'

Rendered rescues/_trace (82.0ms)
Rendered rescues/_request_and_response (0.0ms)
Rendering rescues/layout (internal_server_error)
  [4;35;1mSQL (1.0ms)[0m   [0mSET SQL_AUTO_IS_NULL=0[0m


Processing MyAdmin::MainController#models (for 127.0.0.1 at 2011-08-13 13:31:04) [GET]
Rendering my_admin/main/models
  [4;36;1mItem Columns (4.0ms)[0m   [0;1mSHOW FIELDS FROM `items`[0m
  [4;35;1mSQL (1.0ms)[0m   [0mSELECT count(*) AS count_all FROM `items` [0m
Completed in 15ms (View: 4, DB: 6) | 200 OK [http://localhost/my_admin/main/models]
  [4;36;1mSQL (0.0ms)[0m   [0;1mSET SQL_AUTO_IS_NULL=0[0m


Processing MyAdmin::MainController#index (for 127.0.0.1 at 2011-08-13 13:31:46) [GET]
Rendering template within layouts/my_admin
Rendering my_admin/main/index
Completed in 5ms (View: 4, DB: 0) | 200 OK [http://localhost/my_admin/main]
  [4;35;1mSQL (0.0ms)[0m   [0mSET SQL_AUTO_IS_NULL=0[0m


Processing MyAdmin::MainController#main (for 127.0.0.1 at 2011-08-13 13:31:47) [GET]
Rendering my_admin/main/main
ERROR: compiling _run_rhtml_app47views47my_admin47main47main46rhtml RAISED compile error
E:/facemash/app/views/my_admin/main/main.rhtml:44: syntax error, unexpected kENSURE, expecting $end
Function body:           def _run_rhtml_app47views47my_admin47main47main46rhtml(local_assigns)
            old_output_buffer = output_buffer;;@output_buffer = '';  __in_erb_template=true ; @output_buffer.concat(( render :partial => 'includes' ).to_s); @output_buffer.concat "\n\n<style type=\"text/css\">\n<!--\na {text-decoration: none;}\na:hover {\n  background-color: #369;\n  color: #fff;\n}\n-->\n</style>\n\n<h1>MyAdmin Dashboard</h1>\n"












; 
trash_img = image_tag('/my_admin/images/destroy.png', :border => 'none')
destroy_confirm_txt = "Are you 100% sure?\nThis will destroy ALL ROWS in this table and cannot be undone."
@output_buffer.concat "\n<table cellpadding=\"2\" cellspacing=\"2\" width=\"98%\">\n  <tr>\n    <th></th>\n    <th align=\"left\"></th>\n    <th align=\"left\">Quick Lookup</th>\n  </tr>\n  "






;  @models.each do |m| ; @output_buffer.concat "\n    <tr valign=\"middle\" class=\""
; @output_buffer.concat(( cycle("even", "odd-main") ).to_s); @output_buffer.concat "\">\n      <td style=\"font-size:1.9em\" width=\"33%\">"
; @output_buffer.concat "</td>\n      <td>"
; @output_buffer.concat(( link_to('Spy', url_for(:controller => 'spy', :action => 'index', :model => m.to_s), :target => 'frame_content') ).to_s); @output_buffer.concat "</td>\n      "
; @output_buffer.concat(( form_tag(url_for(:controller => 'model', :action => 'lookup', :model => m.to_s)) ).to_s); @output_buffer.concat "\n      <td width=\"300px;\">\n          <select name=\"column_name\" style=\"width: 150px;\">\n            "


; @output_buffer.concat(( column_options(m.columns) ).to_s); @output_buffer.concat "\n          </select>\n          "

; @output_buffer.concat(( text_field_tag('query', '', :size => 7) ).to_s); @output_buffer.concat "\n          <input type=\"submit\" value=\"Go\"/>\n      </td>\n      "


;  end ; @output_buffer.concat "\n      <td>\n      "

;  destroy_all = url_for(:controller => 'model', :action => 'destroy_all', :model => m.to_s) ; @output_buffer.concat "\n      "
; @output_buffer.concat(( link_to_remote("#{trash_img} Destroy All", :url => destroy_all, :post => true, :loading => 'loading()', :complete => 'loaded()', :confirm => destroy_confirm_txt) ).to_s); @output_buffer.concat "</td>\n    </tr>\n  "

;  end ; @output_buffer.concat "\n</table>\n"

; @output_buffer
          ensure
            self.output_buffer = old_output_buffer
          end
Backtrace: E:/facemash/app/views/my_admin/main/main.rhtml:44:in `compile!'
C:/Ruby187/lib/ruby/gems/1.8/gems/actionpack-2.3.8/lib/action_view/renderable.rb:61:in `compile'
C:/Ruby187/lib/ruby/gems/1.8/gems/actionpack-2.3.8/lib/action_view/renderable.rb:28:in `render'
C:/Ruby187/lib/ruby/gems/1.8/gems/actionpack-2.3.8/lib/action_view/template.rb:205:in `render_template'
C:/Ruby187/lib/ruby/gems/1.8/gems/actionpack-2.3.8/lib/action_view/base.rb:265:in `render'
C:/Ruby187/lib/ruby/gems/1.8/gems/actionpack-2.3.8/lib/action_controller/base.rb:1250:in `render_for_file'
C:/Ruby187/lib/ruby/gems/1.8/gems/actionpack-2.3.8/lib/action_controller/base.rb:936:in `render_without_benchmark'
C:/Ruby187/lib/ruby/gems/1.8/gems/actionpack-2.3.8/lib/action_controller/benchmarking.rb:51:in `render'
C:/Ruby187/lib/ruby/gems/1.8/gems/activesupport-2.3.8/lib/active_support/core_ext/benchmark.rb:17:in `ms'
C:/Ruby187/lib/ruby/1.8/benchmark.rb:308:in `realtime'
C:/Ruby187/lib/ruby/gems/1.8/gems/activesupport-2.3.8/lib/active_support/core_ext/benchmark.rb:17:in `ms'
C:/Ruby187/lib/ruby/gems/1.8/gems/actionpack-2.3.8/lib/action_controller/benchmarking.rb:51:in `render'
C:/Ruby187/lib/ruby/gems/1.8/gems/actionpack-2.3.8/lib/action_controller/base.rb:1326:in `default_render'
C:/Ruby187/lib/ruby/gems/1.8/gems/actionpack-2.3.8/lib/action_controller/base.rb:1332:in `perform_action_without_filters'
C:/Ruby187/lib/ruby/gems/1.8/gems/actionpack-2.3.8/lib/action_controller/filters.rb:617:in `call_filters'
C:/Ruby187/lib/ruby/gems/1.8/gems/actionpack-2.3.8/lib/action_controller/filters.rb:610:in `perform_action_without_benchmark'
C:/Ruby187/lib/ruby/gems/1.8/gems/actionpack-2.3.8/lib/action_controller/benchmarking.rb:68:in `perform_action_without_rescue'
C:/Ruby187/lib/ruby/gems/1.8/gems/activesupport-2.3.8/lib/active_support/core_ext/benchmark.rb:17:in `ms'
C:/Ruby187/lib/ruby/1.8/benchmark.rb:308:in `realtime'
C:/Ruby187/lib/ruby/gems/1.8/gems/activesupport-2.3.8/lib/active_support/core_ext/benchmark.rb:17:in `ms'
C:/Ruby187/lib/ruby/gems/1.8/gems/actionpack-2.3.8/lib/action_controller/benchmarking.rb:68:in `perform_action_without_rescue'
C:/Ruby187/lib/ruby/gems/1.8/gems/actionpack-2.3.8/lib/action_controller/rescue.rb:160:in `perform_action_without_flash'
C:/Ruby187/lib/ruby/gems/1.8/gems/actionpack-2.3.8/lib/action_controller/flash.rb:151:in `perform_action'
C:/Ruby187/lib/ruby/gems/1.8/gems/actionpack-2.3.8/lib/action_controller/base.rb:532:in `send'
C:/Ruby187/lib/ruby/gems/1.8/gems/actionpack-2.3.8/lib/action_controller/base.rb:532:in `process_without_filters'
C:/Ruby187/lib/ruby/gems/1.8/gems/actionpack-2.3.8/lib/action_controller/filters.rb:606:in `process'
C:/Ruby187/lib/ruby/gems/1.8/gems/actionpack-2.3.8/lib/action_controller/base.rb:391:in `process'
C:/Ruby187/lib/ruby/gems/1.8/gems/actionpack-2.3.8/lib/action_controller/base.rb:386:in `call'
C:/Ruby187/lib/ruby/gems/1.8/gems/actionpack-2.3.8/lib/action_controller/routing/route_set.rb:438:in `call'
C:/Ruby187/lib/ruby/gems/1.8/gems/actionpack-2.3.8/lib/action_controller/dispatcher.rb:87:in `dispatch'
C:/Ruby187/lib/ruby/gems/1.8/gems/actionpack-2.3.8/lib/action_controller/dispatcher.rb:121:in `_call'
C:/Ruby187/lib/ruby/gems/1.8/gems/actionpack-2.3.8/lib/action_controller/dispatcher.rb:130:in `build_middleware_stack'
C:/Ruby187/lib/ruby/gems/1.8/gems/activerecord-2.3.8/lib/active_record/query_cache.rb:29:in `call'
C:/Ruby187/lib/ruby/gems/1.8/gems/activerecord-2.3.8/lib/active_record/query_cache.rb:29:in `call'
C:/Ruby187/lib/ruby/gems/1.8/gems/activerecord-2.3.8/lib/active_record/connection_adapters/abstract/query_cache.rb:34:in `cache'
C:/Ruby187/lib/ruby/gems/1.8/gems/activerecord-2.3.8/lib/active_record/query_cache.rb:9:in `cache'
C:/Ruby187/lib/ruby/gems/1.8/gems/activerecord-2.3.8/lib/active_record/query_cache.rb:28:in `call'
C:/Ruby187/lib/ruby/gems/1.8/gems/activerecord-2.3.8/lib/active_record/connection_adapters/abstract/connection_pool.rb:361:in `call'
C:/Ruby187/lib/ruby/gems/1.8/gems/actionpack-2.3.8/lib/action_controller/string_coercion.rb:25:in `call'
C:/Ruby187/lib/ruby/gems/1.8/gems/rack-1.1.2/lib/rack/head.rb:9:in `call'
C:/Ruby187/lib/ruby/gems/1.8/gems/rack-1.1.2/lib/rack/methodoverride.rb:24:in `call'
C:/Ruby187/lib/ruby/gems/1.8/gems/actionpack-2.3.8/lib/action_controller/params_parser.rb:15:in `call'
C:/Ruby187/lib/ruby/gems/1.8/gems/actionpack-2.3.8/lib/action_controller/session/cookie_store.rb:99:in `call'
C:/Ruby187/lib/ruby/gems/1.8/gems/actionpack-2.3.8/lib/action_controller/failsafe.rb:26:in `call'
C:/Ruby187/lib/ruby/gems/1.8/gems/rack-1.1.2/lib/rack/lock.rb:11:in `call'
C:/Ruby187/lib/ruby/gems/1.8/gems/rack-1.1.2/lib/rack/lock.rb:11:in `synchronize'
C:/Ruby187/lib/ruby/gems/1.8/gems/rack-1.1.2/lib/rack/lock.rb:11:in `call'
C:/Ruby187/lib/ruby/gems/1.8/gems/actionpack-2.3.8/lib/action_controller/dispatcher.rb:114:in `call'
C:/Ruby187/lib/ruby/gems/1.8/gems/actionpack-2.3.8/lib/action_controller/reloader.rb:34:in `run'
C:/Ruby187/lib/ruby/gems/1.8/gems/actionpack-2.3.8/lib/action_controller/dispatcher.rb:108:in `call'
C:/Ruby187/lib/ruby/gems/1.8/gems/rails-2.3.8/lib/rails/rack/static.rb:31:in `call'
C:/Ruby187/lib/ruby/gems/1.8/gems/rack-1.1.2/lib/rack/urlmap.rb:47:in `call'
C:/Ruby187/lib/ruby/gems/1.8/gems/rack-1.1.2/lib/rack/urlmap.rb:41:in `each'
C:/Ruby187/lib/ruby/gems/1.8/gems/rack-1.1.2/lib/rack/urlmap.rb:41:in `call'
C:/Ruby187/lib/ruby/gems/1.8/gems/rails-2.3.8/lib/rails/rack/log_tailer.rb:17:in `call'
C:/Ruby187/lib/ruby/gems/1.8/gems/rack-1.1.2/lib/rack/content_length.rb:13:in `call'
C:/Ruby187/lib/ruby/gems/1.8/gems/rack-1.1.2/lib/rack/handler/webrick.rb:48:in `service'
C:/Ruby187/lib/ruby/1.8/webrick/httpserver.rb:104:in `service'
C:/Ruby187/lib/ruby/1.8/webrick/httpserver.rb:65:in `run'
C:/Ruby187/lib/ruby/1.8/webrick/server.rb:173:in `start_thread'
C:/Ruby187/lib/ruby/1.8/webrick/server.rb:162:in `start'
C:/Ruby187/lib/ruby/1.8/webrick/server.rb:162:in `start_thread'
C:/Ruby187/lib/ruby/1.8/webrick/server.rb:95:in `start'
C:/Ruby187/lib/ruby/1.8/webrick/server.rb:92:in `each'
C:/Ruby187/lib/ruby/1.8/webrick/server.rb:92:in `start'
C:/Ruby187/lib/ruby/1.8/webrick/server.rb:23:in `start'
C:/Ruby187/lib/ruby/1.8/webrick/server.rb:82:in `start'
C:/Ruby187/lib/ruby/gems/1.8/gems/rack-1.1.2/lib/rack/handler/webrick.rb:14:in `run'
C:/Ruby187/lib/ruby/gems/1.8/gems/rails-2.3.8/lib/commands/server.rb:111
C:/Ruby187/lib/ruby/site_ruby/1.8/rubygems/custom_require.rb:29:in `gem_original_require'
C:/Ruby187/lib/ruby/site_ruby/1.8/rubygems/custom_require.rb:29:in `require'
script/server:3

ActionView::TemplateError (compile error
E:/facemash/app/views/my_admin/main/main.rhtml:44: syntax error, unexpected kENSURE, expecting $end) on line #44 of app/views/my_admin/main/main.rhtml:
41:   <% end %>
42: </table>

    app/views/my_admin/main/main.rhtml:44:in `compile!'
    C:/Ruby187/lib/ruby/1.8/webrick/httpserver.rb:104:in `service'
    C:/Ruby187/lib/ruby/1.8/webrick/httpserver.rb:65:in `run'
    C:/Ruby187/lib/ruby/1.8/webrick/server.rb:173:in `start_thread'
    C:/Ruby187/lib/ruby/1.8/webrick/server.rb:162:in `start'
    C:/Ruby187/lib/ruby/1.8/webrick/server.rb:162:in `start_thread'
    C:/Ruby187/lib/ruby/1.8/webrick/server.rb:95:in `start'
    C:/Ruby187/lib/ruby/1.8/webrick/server.rb:92:in `each'
    C:/Ruby187/lib/ruby/1.8/webrick/server.rb:92:in `start'
    C:/Ruby187/lib/ruby/1.8/webrick/server.rb:23:in `start'
    C:/Ruby187/lib/ruby/1.8/webrick/server.rb:82:in `start'

Rendered rescues/_trace (89.0ms)
Rendered rescues/_request_and_response (1.0ms)
Rendering rescues/layout (internal_server_error)
  [4;36;1mSQL (0.0ms)[0m   [0;1mSET SQL_AUTO_IS_NULL=0[0m


Processing MyAdmin::MainController#models (for 127.0.0.1 at 2011-08-13 13:31:47) [GET]
Rendering my_admin/main/models
  [4;35;1mItem Columns (2.0ms)[0m   [0mSHOW FIELDS FROM `items`[0m
  [4;36;1mSQL (0.0ms)[0m   [0;1mSELECT count(*) AS count_all FROM `items` [0m
Completed in 12ms (View: 5, DB: 2) | 200 OK [http://localhost/my_admin/main/models]
  [4;35;1mSQL (0.0ms)[0m   [0mSET SQL_AUTO_IS_NULL=0[0m


Processing MyAdmin::MainController#index (for 127.0.0.1 at 2011-08-13 13:32:04) [GET]
Rendering template within layouts/my_admin
Rendering my_admin/main/index
Completed in 7ms (View: 5, DB: 0) | 200 OK [http://localhost/my_admin/main]
  [4;36;1mSQL (0.0ms)[0m   [0;1mSET SQL_AUTO_IS_NULL=0[0m


Processing MyAdmin::MainController#main (for 127.0.0.1 at 2011-08-13 13:32:04) [GET]
Rendering my_admin/main/main
ERROR: compiling _run_rhtml_app47views47my_admin47main47main46rhtml RAISED compile error
E:/facemash/app/views/my_admin/main/main.rhtml:44: syntax error, unexpected kENSURE, expecting $end
Function body:           def _run_rhtml_app47views47my_admin47main47main46rhtml(local_assigns)
            old_output_buffer = output_buffer;;@output_buffer = '';  __in_erb_template=true ; @output_buffer.concat(( render :partial => 'includes' ).to_s); @output_buffer.concat "\n\n<style type=\"text/css\">\n<!--\na {text-decoration: none;}\na:hover {\n  background-color: #369;\n  color: #fff;\n}\n-->\n</style>\n\n<h1>MyAdmin Dashboard</h1>\n"












; 
trash_img = image_tag('/my_admin/images/destroy.png', :border => 'none')
destroy_confirm_txt = "Are you 100% sure?\nThis will destroy ALL ROWS in this table and cannot be undone."
@output_buffer.concat "\n<table cellpadding=\"2\" cellspacing=\"2\" width=\"98%\">\n  <tr>\n    <th></th>\n    <th align=\"left\"></th>\n    <th align=\"left\">Quick Lookup</th>\n  </tr>\n  "






;  @models.each do |m| ; @output_buffer.concat "\n    <tr valign=\"middle\" class=\""
; @output_buffer.concat(( cycle("even", "odd-main") ).to_s); @output_buffer.concat "\">\n      <td style=\"font-size:1.9em\" width=\"33%\">"
; @output_buffer.concat "</td>\n      <td>"
; @output_buffer.concat(( link_to('Spy', url_for(:controller => 'spy', :action => 'index', :model => m.to_s), :target => 'frame_content') ).to_s); @output_buffer.concat "</td>\n      "
;  form_tag(url_for(:controller => 'model', :action => 'lookup', :model => m.to_s)) ; @output_buffer.concat "\n      <td width=\"300px;\">\n          <select name=\"column_name\" style=\"width: 150px;\">\n            "


; @output_buffer.concat(( column_options(m.columns) ).to_s); @output_buffer.concat "\n          </select>\n          "

; @output_buffer.concat(( text_field_tag('query', '', :size => 7) ).to_s); @output_buffer.concat "\n          <input type=\"submit\" value=\"Go\"/>\n      </td>\n      "


;  end ; @output_buffer.concat "\n      <td>\n      "

;  destroy_all = url_for(:controller => 'model', :action => 'destroy_all', :model => m.to_s) ; @output_buffer.concat "\n      "
; @output_buffer.concat(( link_to_remote("#{trash_img} Destroy All", :url => destroy_all, :post => true, :loading => 'loading()', :complete => 'loaded()', :confirm => destroy_confirm_txt) ).to_s); @output_buffer.concat "</td>\n    </tr>\n  "

;  end ; @output_buffer.concat "\n</table>\n"

; @output_buffer
          ensure
            self.output_buffer = old_output_buffer
          end
Backtrace: E:/facemash/app/views/my_admin/main/main.rhtml:44:in `compile!'
C:/Ruby187/lib/ruby/gems/1.8/gems/actionpack-2.3.8/lib/action_view/renderable.rb:61:in `compile'
C:/Ruby187/lib/ruby/gems/1.8/gems/actionpack-2.3.8/lib/action_view/renderable.rb:28:in `render'
C:/Ruby187/lib/ruby/gems/1.8/gems/actionpack-2.3.8/lib/action_view/template.rb:205:in `render_template'
C:/Ruby187/lib/ruby/gems/1.8/gems/actionpack-2.3.8/lib/action_view/base.rb:265:in `render'
C:/Ruby187/lib/ruby/gems/1.8/gems/actionpack-2.3.8/lib/action_controller/base.rb:1250:in `render_for_file'
C:/Ruby187/lib/ruby/gems/1.8/gems/actionpack-2.3.8/lib/action_controller/base.rb:936:in `render_without_benchmark'
C:/Ruby187/lib/ruby/gems/1.8/gems/actionpack-2.3.8/lib/action_controller/benchmarking.rb:51:in `render'
C:/Ruby187/lib/ruby/gems/1.8/gems/activesupport-2.3.8/lib/active_support/core_ext/benchmark.rb:17:in `ms'
C:/Ruby187/lib/ruby/1.8/benchmark.rb:308:in `realtime'
C:/Ruby187/lib/ruby/gems/1.8/gems/activesupport-2.3.8/lib/active_support/core_ext/benchmark.rb:17:in `ms'
C:/Ruby187/lib/ruby/gems/1.8/gems/actionpack-2.3.8/lib/action_controller/benchmarking.rb:51:in `render'
C:/Ruby187/lib/ruby/gems/1.8/gems/actionpack-2.3.8/lib/action_controller/base.rb:1326:in `default_render'
C:/Ruby187/lib/ruby/gems/1.8/gems/actionpack-2.3.8/lib/action_controller/base.rb:1332:in `perform_action_without_filters'
C:/Ruby187/lib/ruby/gems/1.8/gems/actionpack-2.3.8/lib/action_controller/filters.rb:617:in `call_filters'
C:/Ruby187/lib/ruby/gems/1.8/gems/actionpack-2.3.8/lib/action_controller/filters.rb:610:in `perform_action_without_benchmark'
C:/Ruby187/lib/ruby/gems/1.8/gems/actionpack-2.3.8/lib/action_controller/benchmarking.rb:68:in `perform_action_without_rescue'
C:/Ruby187/lib/ruby/gems/1.8/gems/activesupport-2.3.8/lib/active_support/core_ext/benchmark.rb:17:in `ms'
C:/Ruby187/lib/ruby/1.8/benchmark.rb:308:in `realtime'
C:/Ruby187/lib/ruby/gems/1.8/gems/activesupport-2.3.8/lib/active_support/core_ext/benchmark.rb:17:in `ms'
C:/Ruby187/lib/ruby/gems/1.8/gems/actionpack-2.3.8/lib/action_controller/benchmarking.rb:68:in `perform_action_without_rescue'
C:/Ruby187/lib/ruby/gems/1.8/gems/actionpack-2.3.8/lib/action_controller/rescue.rb:160:in `perform_action_without_flash'
C:/Ruby187/lib/ruby/gems/1.8/gems/actionpack-2.3.8/lib/action_controller/flash.rb:151:in `perform_action'
C:/Ruby187/lib/ruby/gems/1.8/gems/actionpack-2.3.8/lib/action_controller/base.rb:532:in `send'
C:/Ruby187/lib/ruby/gems/1.8/gems/actionpack-2.3.8/lib/action_controller/base.rb:532:in `process_without_filters'
C:/Ruby187/lib/ruby/gems/1.8/gems/actionpack-2.3.8/lib/action_controller/filters.rb:606:in `process'
C:/Ruby187/lib/ruby/gems/1.8/gems/actionpack-2.3.8/lib/action_controller/base.rb:391:in `process'
C:/Ruby187/lib/ruby/gems/1.8/gems/actionpack-2.3.8/lib/action_controller/base.rb:386:in `call'
C:/Ruby187/lib/ruby/gems/1.8/gems/actionpack-2.3.8/lib/action_controller/routing/route_set.rb:438:in `call'
C:/Ruby187/lib/ruby/gems/1.8/gems/actionpack-2.3.8/lib/action_controller/dispatcher.rb:87:in `dispatch'
C:/Ruby187/lib/ruby/gems/1.8/gems/actionpack-2.3.8/lib/action_controller/dispatcher.rb:121:in `_call'
C:/Ruby187/lib/ruby/gems/1.8/gems/actionpack-2.3.8/lib/action_controller/dispatcher.rb:130:in `build_middleware_stack'
C:/Ruby187/lib/ruby/gems/1.8/gems/activerecord-2.3.8/lib/active_record/query_cache.rb:29:in `call'
C:/Ruby187/lib/ruby/gems/1.8/gems/activerecord-2.3.8/lib/active_record/query_cache.rb:29:in `call'
C:/Ruby187/lib/ruby/gems/1.8/gems/activerecord-2.3.8/lib/active_record/connection_adapters/abstract/query_cache.rb:34:in `cache'
C:/Ruby187/lib/ruby/gems/1.8/gems/activerecord-2.3.8/lib/active_record/query_cache.rb:9:in `cache'
C:/Ruby187/lib/ruby/gems/1.8/gems/activerecord-2.3.8/lib/active_record/query_cache.rb:28:in `call'
C:/Ruby187/lib/ruby/gems/1.8/gems/activerecord-2.3.8/lib/active_record/connection_adapters/abstract/connection_pool.rb:361:in `call'
C:/Ruby187/lib/ruby/gems/1.8/gems/actionpack-2.3.8/lib/action_controller/string_coercion.rb:25:in `call'
C:/Ruby187/lib/ruby/gems/1.8/gems/rack-1.1.2/lib/rack/head.rb:9:in `call'
C:/Ruby187/lib/ruby/gems/1.8/gems/rack-1.1.2/lib/rack/methodoverride.rb:24:in `call'
C:/Ruby187/lib/ruby/gems/1.8/gems/actionpack-2.3.8/lib/action_controller/params_parser.rb:15:in `call'
C:/Ruby187/lib/ruby/gems/1.8/gems/actionpack-2.3.8/lib/action_controller/session/cookie_store.rb:99:in `call'
C:/Ruby187/lib/ruby/gems/1.8/gems/actionpack-2.3.8/lib/action_controller/failsafe.rb:26:in `call'
C:/Ruby187/lib/ruby/gems/1.8/gems/rack-1.1.2/lib/rack/lock.rb:11:in `call'
C:/Ruby187/lib/ruby/gems/1.8/gems/rack-1.1.2/lib/rack/lock.rb:11:in `synchronize'
C:/Ruby187/lib/ruby/gems/1.8/gems/rack-1.1.2/lib/rack/lock.rb:11:in `call'
C:/Ruby187/lib/ruby/gems/1.8/gems/actionpack-2.3.8/lib/action_controller/dispatcher.rb:114:in `call'
C:/Ruby187/lib/ruby/gems/1.8/gems/actionpack-2.3.8/lib/action_controller/reloader.rb:34:in `run'
C:/Ruby187/lib/ruby/gems/1.8/gems/actionpack-2.3.8/lib/action_controller/dispatcher.rb:108:in `call'
C:/Ruby187/lib/ruby/gems/1.8/gems/rails-2.3.8/lib/rails/rack/static.rb:31:in `call'
C:/Ruby187/lib/ruby/gems/1.8/gems/rack-1.1.2/lib/rack/urlmap.rb:47:in `call'
C:/Ruby187/lib/ruby/gems/1.8/gems/rack-1.1.2/lib/rack/urlmap.rb:41:in `each'
C:/Ruby187/lib/ruby/gems/1.8/gems/rack-1.1.2/lib/rack/urlmap.rb:41:in `call'
C:/Ruby187/lib/ruby/gems/1.8/gems/rails-2.3.8/lib/rails/rack/log_tailer.rb:17:in `call'
C:/Ruby187/lib/ruby/gems/1.8/gems/rack-1.1.2/lib/rack/content_length.rb:13:in `call'
C:/Ruby187/lib/ruby/gems/1.8/gems/rack-1.1.2/lib/rack/handler/webrick.rb:48:in `service'
C:/Ruby187/lib/ruby/1.8/webrick/httpserver.rb:104:in `service'
C:/Ruby187/lib/ruby/1.8/webrick/httpserver.rb:65:in `run'
C:/Ruby187/lib/ruby/1.8/webrick/server.rb:173:in `start_thread'
C:/Ruby187/lib/ruby/1.8/webrick/server.rb:162:in `start'
C:/Ruby187/lib/ruby/1.8/webrick/server.rb:162:in `start_thread'
C:/Ruby187/lib/ruby/1.8/webrick/server.rb:95:in `start'
C:/Ruby187/lib/ruby/1.8/webrick/server.rb:92:in `each'
C:/Ruby187/lib/ruby/1.8/webrick/server.rb:92:in `start'
C:/Ruby187/lib/ruby/1.8/webrick/server.rb:23:in `start'
C:/Ruby187/lib/ruby/1.8/webrick/server.rb:82:in `start'
C:/Ruby187/lib/ruby/gems/1.8/gems/rack-1.1.2/lib/rack/handler/webrick.rb:14:in `run'
C:/Ruby187/lib/ruby/gems/1.8/gems/rails-2.3.8/lib/commands/server.rb:111
C:/Ruby187/lib/ruby/site_ruby/1.8/rubygems/custom_require.rb:29:in `gem_original_require'
C:/Ruby187/lib/ruby/site_ruby/1.8/rubygems/custom_require.rb:29:in `require'
script/server:3

ActionView::TemplateError (compile error
E:/facemash/app/views/my_admin/main/main.rhtml:44: syntax error, unexpected kENSURE, expecting $end) on line #44 of app/views/my_admin/main/main.rhtml:
41:   <% end %>
42: </table>

    app/views/my_admin/main/main.rhtml:44:in `compile!'
    C:/Ruby187/lib/ruby/1.8/webrick/httpserver.rb:104:in `service'
    C:/Ruby187/lib/ruby/1.8/webrick/httpserver.rb:65:in `run'
    C:/Ruby187/lib/ruby/1.8/webrick/server.rb:173:in `start_thread'
    C:/Ruby187/lib/ruby/1.8/webrick/server.rb:162:in `start'
    C:/Ruby187/lib/ruby/1.8/webrick/server.rb:162:in `start_thread'
    C:/Ruby187/lib/ruby/1.8/webrick/server.rb:95:in `start'
    C:/Ruby187/lib/ruby/1.8/webrick/server.rb:92:in `each'
    C:/Ruby187/lib/ruby/1.8/webrick/server.rb:92:in `start'
    C:/Ruby187/lib/ruby/1.8/webrick/server.rb:23:in `start'
    C:/Ruby187/lib/ruby/1.8/webrick/server.rb:82:in `start'

Rendered rescues/_trace (45.0ms)
Rendered rescues/_request_and_response (0.0ms)
Rendering rescues/layout (internal_server_error)
  [4;35;1mSQL (0.0ms)[0m   [0mSET SQL_AUTO_IS_NULL=0[0m


Processing MyAdmin::MainController#models (for 127.0.0.1 at 2011-08-13 13:32:04) [GET]
Rendering my_admin/main/models
  [4;36;1mItem Columns (3.0ms)[0m   [0;1mSHOW FIELDS FROM `items`[0m
  [4;35;1mSQL (2.0ms)[0m   [0mSELECT count(*) AS count_all FROM `items` [0m
Completed in 15ms (View: 5, DB: 5) | 200 OK [http://localhost/my_admin/main/models]
  [4;36;1mSQL (0.0ms)[0m   [0;1mSET SQL_AUTO_IS_NULL=0[0m


Processing MyAdmin::MainController#index (for 127.0.0.1 at 2011-08-13 13:32:06) [GET]
Rendering template within layouts/my_admin
Rendering my_admin/main/index
Completed in 7ms (View: 5, DB: 0) | 200 OK [http://localhost/my_admin/main]
  [4;35;1mSQL (1.0ms)[0m   [0mSET SQL_AUTO_IS_NULL=0[0m


Processing MyAdmin::MainController#main (for 127.0.0.1 at 2011-08-13 13:32:07) [GET]
Rendering my_admin/main/main
ERROR: compiling _run_rhtml_app47views47my_admin47main47main46rhtml RAISED compile error
E:/facemash/app/views/my_admin/main/main.rhtml:44: syntax error, unexpected kENSURE, expecting $end
Function body:           def _run_rhtml_app47views47my_admin47main47main46rhtml(local_assigns)
            old_output_buffer = output_buffer;;@output_buffer = '';  __in_erb_template=true ; @output_buffer.concat(( render :partial => 'includes' ).to_s); @output_buffer.concat "\n\n<style type=\"text/css\">\n<!--\na {text-decoration: none;}\na:hover {\n  background-color: #369;\n  color: #fff;\n}\n-->\n</style>\n\n<h1>MyAdmin Dashboard</h1>\n"












; 
trash_img = image_tag('/my_admin/images/destroy.png', :border => 'none')
destroy_confirm_txt = "Are you 100% sure?\nThis will destroy ALL ROWS in this table and cannot be undone."
@output_buffer.concat "\n<table cellpadding=\"2\" cellspacing=\"2\" width=\"98%\">\n  <tr>\n    <th></th>\n    <th align=\"left\"></th>\n    <th align=\"left\">Quick Lookup</th>\n  </tr>\n  "






;  @models.each do |m| ; @output_buffer.concat "\n    <tr valign=\"middle\" class=\""
; @output_buffer.concat(( cycle("even", "odd-main") ).to_s); @output_buffer.concat "\">\n      <td style=\"font-size:1.9em\" width=\"33%\">"
; @output_buffer.concat "</td>\n      <td>"
; @output_buffer.concat(( link_to('Spy', url_for(:controller => 'spy', :action => 'index', :model => m.to_s), :target => 'frame_content') ).to_s); @output_buffer.concat "</td>\n      "
;  form_tag(url_for(:controller => 'model', :action => 'lookup', :model => m.to_s)) ; @output_buffer.concat "\n      <td width=\"300px;\">\n          <select name=\"column_name\" style=\"width: 150px;\">\n            "


; @output_buffer.concat(( column_options(m.columns) ).to_s); @output_buffer.concat "\n          </select>\n          "

; @output_buffer.concat(( text_field_tag('query', '', :size => 7) ).to_s); @output_buffer.concat "\n          <input type=\"submit\" value=\"Go\"/>\n      </td>\n      "


;  end ; @output_buffer.concat "\n      <td>\n      "

;  destroy_all = url_for(:controller => 'model', :action => 'destroy_all', :model => m.to_s) ; @output_buffer.concat "\n      "
; @output_buffer.concat(( link_to_remote("#{trash_img} Destroy All", :url => destroy_all, :post => true, :loading => 'loading()', :complete => 'loaded()', :confirm => destroy_confirm_txt) ).to_s); @output_buffer.concat "</td>\n    </tr>\n  "

;  end ; @output_buffer.concat "\n</table>\n"

; @output_buffer
          ensure
            self.output_buffer = old_output_buffer
          end
Backtrace: E:/facemash/app/views/my_admin/main/main.rhtml:44:in `compile!'
C:/Ruby187/lib/ruby/gems/1.8/gems/actionpack-2.3.8/lib/action_view/renderable.rb:61:in `compile'
C:/Ruby187/lib/ruby/gems/1.8/gems/actionpack-2.3.8/lib/action_view/renderable.rb:28:in `render'
C:/Ruby187/lib/ruby/gems/1.8/gems/actionpack-2.3.8/lib/action_view/template.rb:205:in `render_template'
C:/Ruby187/lib/ruby/gems/1.8/gems/actionpack-2.3.8/lib/action_view/base.rb:265:in `render'
C:/Ruby187/lib/ruby/gems/1.8/gems/actionpack-2.3.8/lib/action_controller/base.rb:1250:in `render_for_file'
C:/Ruby187/lib/ruby/gems/1.8/gems/actionpack-2.3.8/lib/action_controller/base.rb:936:in `render_without_benchmark'
C:/Ruby187/lib/ruby/gems/1.8/gems/actionpack-2.3.8/lib/action_controller/benchmarking.rb:51:in `render'
C:/Ruby187/lib/ruby/gems/1.8/gems/activesupport-2.3.8/lib/active_support/core_ext/benchmark.rb:17:in `ms'
C:/Ruby187/lib/ruby/1.8/benchmark.rb:308:in `realtime'
C:/Ruby187/lib/ruby/gems/1.8/gems/activesupport-2.3.8/lib/active_support/core_ext/benchmark.rb:17:in `ms'
C:/Ruby187/lib/ruby/gems/1.8/gems/actionpack-2.3.8/lib/action_controller/benchmarking.rb:51:in `render'
C:/Ruby187/lib/ruby/gems/1.8/gems/actionpack-2.3.8/lib/action_controller/base.rb:1326:in `default_render'
C:/Ruby187/lib/ruby/gems/1.8/gems/actionpack-2.3.8/lib/action_controller/base.rb:1332:in `perform_action_without_filters'
C:/Ruby187/lib/ruby/gems/1.8/gems/actionpack-2.3.8/lib/action_controller/filters.rb:617:in `call_filters'
C:/Ruby187/lib/ruby/gems/1.8/gems/actionpack-2.3.8/lib/action_controller/filters.rb:610:in `perform_action_without_benchmark'
C:/Ruby187/lib/ruby/gems/1.8/gems/actionpack-2.3.8/lib/action_controller/benchmarking.rb:68:in `perform_action_without_rescue'
C:/Ruby187/lib/ruby/gems/1.8/gems/activesupport-2.3.8/lib/active_support/core_ext/benchmark.rb:17:in `ms'
C:/Ruby187/lib/ruby/1.8/benchmark.rb:308:in `realtime'
C:/Ruby187/lib/ruby/gems/1.8/gems/activesupport-2.3.8/lib/active_support/core_ext/benchmark.rb:17:in `ms'
C:/Ruby187/lib/ruby/gems/1.8/gems/actionpack-2.3.8/lib/action_controller/benchmarking.rb:68:in `perform_action_without_rescue'
C:/Ruby187/lib/ruby/gems/1.8/gems/actionpack-2.3.8/lib/action_controller/rescue.rb:160:in `perform_action_without_flash'
C:/Ruby187/lib/ruby/gems/1.8/gems/actionpack-2.3.8/lib/action_controller/flash.rb:151:in `perform_action'
C:/Ruby187/lib/ruby/gems/1.8/gems/actionpack-2.3.8/lib/action_controller/base.rb:532:in `send'
C:/Ruby187/lib/ruby/gems/1.8/gems/actionpack-2.3.8/lib/action_controller/base.rb:532:in `process_without_filters'
C:/Ruby187/lib/ruby/gems/1.8/gems/actionpack-2.3.8/lib/action_controller/filters.rb:606:in `process'
C:/Ruby187/lib/ruby/gems/1.8/gems/actionpack-2.3.8/lib/action_controller/base.rb:391:in `process'
C:/Ruby187/lib/ruby/gems/1.8/gems/actionpack-2.3.8/lib/action_controller/base.rb:386:in `call'
C:/Ruby187/lib/ruby/gems/1.8/gems/actionpack-2.3.8/lib/action_controller/routing/route_set.rb:438:in `call'
C:/Ruby187/lib/ruby/gems/1.8/gems/actionpack-2.3.8/lib/action_controller/dispatcher.rb:87:in `dispatch'
C:/Ruby187/lib/ruby/gems/1.8/gems/actionpack-2.3.8/lib/action_controller/dispatcher.rb:121:in `_call'
C:/Ruby187/lib/ruby/gems/1.8/gems/actionpack-2.3.8/lib/action_controller/dispatcher.rb:130:in `build_middleware_stack'
C:/Ruby187/lib/ruby/gems/1.8/gems/activerecord-2.3.8/lib/active_record/query_cache.rb:29:in `call'
C:/Ruby187/lib/ruby/gems/1.8/gems/activerecord-2.3.8/lib/active_record/query_cache.rb:29:in `call'
C:/Ruby187/lib/ruby/gems/1.8/gems/activerecord-2.3.8/lib/active_record/connection_adapters/abstract/query_cache.rb:34:in `cache'
C:/Ruby187/lib/ruby/gems/1.8/gems/activerecord-2.3.8/lib/active_record/query_cache.rb:9:in `cache'
C:/Ruby187/lib/ruby/gems/1.8/gems/activerecord-2.3.8/lib/active_record/query_cache.rb:28:in `call'
C:/Ruby187/lib/ruby/gems/1.8/gems/activerecord-2.3.8/lib/active_record/connection_adapters/abstract/connection_pool.rb:361:in `call'
C:/Ruby187/lib/ruby/gems/1.8/gems/actionpack-2.3.8/lib/action_controller/string_coercion.rb:25:in `call'
C:/Ruby187/lib/ruby/gems/1.8/gems/rack-1.1.2/lib/rack/head.rb:9:in `call'
C:/Ruby187/lib/ruby/gems/1.8/gems/rack-1.1.2/lib/rack/methodoverride.rb:24:in `call'
C:/Ruby187/lib/ruby/gems/1.8/gems/actionpack-2.3.8/lib/action_controller/params_parser.rb:15:in `call'
C:/Ruby187/lib/ruby/gems/1.8/gems/actionpack-2.3.8/lib/action_controller/session/cookie_store.rb:99:in `call'
C:/Ruby187/lib/ruby/gems/1.8/gems/actionpack-2.3.8/lib/action_controller/failsafe.rb:26:in `call'
C:/Ruby187/lib/ruby/gems/1.8/gems/rack-1.1.2/lib/rack/lock.rb:11:in `call'
C:/Ruby187/lib/ruby/gems/1.8/gems/rack-1.1.2/lib/rack/lock.rb:11:in `synchronize'
C:/Ruby187/lib/ruby/gems/1.8/gems/rack-1.1.2/lib/rack/lock.rb:11:in `call'
C:/Ruby187/lib/ruby/gems/1.8/gems/actionpack-2.3.8/lib/action_controller/dispatcher.rb:114:in `call'
C:/Ruby187/lib/ruby/gems/1.8/gems/actionpack-2.3.8/lib/action_controller/reloader.rb:34:in `run'
C:/Ruby187/lib/ruby/gems/1.8/gems/actionpack-2.3.8/lib/action_controller/dispatcher.rb:108:in `call'
C:/Ruby187/lib/ruby/gems/1.8/gems/rails-2.3.8/lib/rails/rack/static.rb:31:in `call'
C:/Ruby187/lib/ruby/gems/1.8/gems/rack-1.1.2/lib/rack/urlmap.rb:47:in `call'
C:/Ruby187/lib/ruby/gems/1.8/gems/rack-1.1.2/lib/rack/urlmap.rb:41:in `each'
C:/Ruby187/lib/ruby/gems/1.8/gems/rack-1.1.2/lib/rack/urlmap.rb:41:in `call'
C:/Ruby187/lib/ruby/gems/1.8/gems/rails-2.3.8/lib/rails/rack/log_tailer.rb:17:in `call'
C:/Ruby187/lib/ruby/gems/1.8/gems/rack-1.1.2/lib/rack/content_length.rb:13:in `call'
C:/Ruby187/lib/ruby/gems/1.8/gems/rack-1.1.2/lib/rack/handler/webrick.rb:48:in `service'
C:/Ruby187/lib/ruby/1.8/webrick/httpserver.rb:104:in `service'
C:/Ruby187/lib/ruby/1.8/webrick/httpserver.rb:65:in `run'
C:/Ruby187/lib/ruby/1.8/webrick/server.rb:173:in `start_thread'
C:/Ruby187/lib/ruby/1.8/webrick/server.rb:162:in `start'
C:/Ruby187/lib/ruby/1.8/webrick/server.rb:162:in `start_thread'
C:/Ruby187/lib/ruby/1.8/webrick/server.rb:95:in `start'
C:/Ruby187/lib/ruby/1.8/webrick/server.rb:92:in `each'
C:/Ruby187/lib/ruby/1.8/webrick/server.rb:92:in `start'
C:/Ruby187/lib/ruby/1.8/webrick/server.rb:23:in `start'
C:/Ruby187/lib/ruby/1.8/webrick/server.rb:82:in `start'
C:/Ruby187/lib/ruby/gems/1.8/gems/rack-1.1.2/lib/rack/handler/webrick.rb:14:in `run'
C:/Ruby187/lib/ruby/gems/1.8/gems/rails-2.3.8/lib/commands/server.rb:111
C:/Ruby187/lib/ruby/site_ruby/1.8/rubygems/custom_require.rb:29:in `gem_original_require'
C:/Ruby187/lib/ruby/site_ruby/1.8/rubygems/custom_require.rb:29:in `require'
script/server:3

ActionView::TemplateError (compile error
E:/facemash/app/views/my_admin/main/main.rhtml:44: syntax error, unexpected kENSURE, expecting $end) on line #44 of app/views/my_admin/main/main.rhtml:
41:   <% end %>
42: </table>

    app/views/my_admin/main/main.rhtml:44:in `compile!'
    C:/Ruby187/lib/ruby/1.8/webrick/httpserver.rb:104:in `service'
    C:/Ruby187/lib/ruby/1.8/webrick/httpserver.rb:65:in `run'
    C:/Ruby187/lib/ruby/1.8/webrick/server.rb:173:in `start_thread'
    C:/Ruby187/lib/ruby/1.8/webrick/server.rb:162:in `start'
    C:/Ruby187/lib/ruby/1.8/webrick/server.rb:162:in `start_thread'
    C:/Ruby187/lib/ruby/1.8/webrick/server.rb:95:in `start'
    C:/Ruby187/lib/ruby/1.8/webrick/server.rb:92:in `each'
    C:/Ruby187/lib/ruby/1.8/webrick/server.rb:92:in `start'
    C:/Ruby187/lib/ruby/1.8/webrick/server.rb:23:in `start'
    C:/Ruby187/lib/ruby/1.8/webrick/server.rb:82:in `start'

Rendered rescues/_trace (47.0ms)
Rendered rescues/_request_and_response (0.0ms)
Rendering rescues/layout (internal_server_error)
  [4;36;1mSQL (0.0ms)[0m   [0;1mSET SQL_AUTO_IS_NULL=0[0m


Processing MyAdmin::MainController#models (for 127.0.0.1 at 2011-08-13 13:32:07) [GET]
Rendering my_admin/main/models
  [4;35;1mItem Columns (3.0ms)[0m   [0mSHOW FIELDS FROM `items`[0m
  [4;36;1mSQL (1.0ms)[0m   [0;1mSELECT count(*) AS count_all FROM `items` [0m
Completed in 14ms (View: 5, DB: 4) | 200 OK [http://localhost/my_admin/main/models]
  [4;35;1mSQL (0.0ms)[0m   [0mSET SQL_AUTO_IS_NULL=0[0m


Processing MyAdmin::MainController#index (for 127.0.0.1 at 2011-08-13 13:32:24) [GET]
Rendering template within layouts/my_admin
Rendering my_admin/main/index
Completed in 8ms (View: 6, DB: 0) | 200 OK [http://localhost/my_admin/main]
  [4;36;1mSQL (0.0ms)[0m   [0;1mSET SQL_AUTO_IS_NULL=0[0m


Processing MyAdmin::MainController#main (for 127.0.0.1 at 2011-08-13 13:32:24) [GET]
Rendering my_admin/main/main
ERROR: compiling _run_rhtml_app47views47my_admin47main47main46rhtml RAISED compile error
E:/facemash/app/views/my_admin/main/main.rhtml:36: syntax error, unexpected kEND
; @output_buffer.concat(( end ).to_s); @output_buffer.conca...
                             ^
Function body:           def _run_rhtml_app47views47my_admin47main47main46rhtml(local_assigns)
            old_output_buffer = output_buffer;;@output_buffer = '';  __in_erb_template=true ; @output_buffer.concat(( render :partial => 'includes' ).to_s); @output_buffer.concat "\n\n<style type=\"text/css\">\n<!--\na {text-decoration: none;}\na:hover {\n  background-color: #369;\n  color: #fff;\n}\n-->\n</style>\n\n<h1>MyAdmin Dashboard</h1>\n"












; 
trash_img = image_tag('/my_admin/images/destroy.png', :border => 'none')
destroy_confirm_txt = "Are you 100% sure?\nThis will destroy ALL ROWS in this table and cannot be undone."
@output_buffer.concat "\n<table cellpadding=\"2\" cellspacing=\"2\" width=\"98%\">\n  <tr>\n    <th></th>\n    <th align=\"left\"></th>\n    <th align=\"left\">Quick Lookup</th>\n  </tr>\n  "






;  @models.each do |m| ; @output_buffer.concat "\n    <tr valign=\"middle\" class=\""
; @output_buffer.concat(( cycle("even", "odd-main") ).to_s); @output_buffer.concat "\">\n      <td style=\"font-size:1.9em\" width=\"33%\">"
; @output_buffer.concat "</td>\n      <td>"
; @output_buffer.concat(( link_to('Spy', url_for(:controller => 'spy', :action => 'index', :model => m.to_s), :target => 'frame_content') ).to_s); @output_buffer.concat "</td>\n      "
; @output_buffer.concat(( form_tag(url_for(:controller => 'model', :action => 'lookup', :model => m.to_s)) ).to_s); @output_buffer.concat "\n      <td width=\"300px;\">\n          <select name=\"column_name\" style=\"width: 150px;\">\n            "


; @output_buffer.concat(( column_options(m.columns) ).to_s); @output_buffer.concat "\n          </select>\n          "

; @output_buffer.concat(( text_field_tag('query', '', :size => 7) ).to_s); @output_buffer.concat "\n          <input type=\"submit\" value=\"Go\"/>\n      </td>\n      "


; @output_buffer.concat(( end ).to_s); @output_buffer.concat "\n      <td>\n      "

;  destroy_all = url_for(:controller => 'model', :action => 'destroy_all', :model => m.to_s) ; @output_buffer.concat "\n      "
; @output_buffer.concat(( link_to_remote("#{trash_img} Destroy All", :url => destroy_all, :post => true, :loading => 'loading()', :complete => 'loaded()', :confirm => destroy_confirm_txt) ).to_s); @output_buffer.concat "</td>\n    </tr>\n  "

;  end ; @output_buffer.concat "\n</table>\n"

; @output_buffer
          ensure
            self.output_buffer = old_output_buffer
          end
Backtrace: E:/facemash/app/views/my_admin/main/main.rhtml:46:in `compile!'
C:/Ruby187/lib/ruby/gems/1.8/gems/actionpack-2.3.8/lib/action_view/renderable.rb:61:in `compile'
C:/Ruby187/lib/ruby/gems/1.8/gems/actionpack-2.3.8/lib/action_view/renderable.rb:28:in `render'
C:/Ruby187/lib/ruby/gems/1.8/gems/actionpack-2.3.8/lib/action_view/template.rb:205:in `render_template'
C:/Ruby187/lib/ruby/gems/1.8/gems/actionpack-2.3.8/lib/action_view/base.rb:265:in `render'
C:/Ruby187/lib/ruby/gems/1.8/gems/actionpack-2.3.8/lib/action_controller/base.rb:1250:in `render_for_file'
C:/Ruby187/lib/ruby/gems/1.8/gems/actionpack-2.3.8/lib/action_controller/base.rb:936:in `render_without_benchmark'
C:/Ruby187/lib/ruby/gems/1.8/gems/actionpack-2.3.8/lib/action_controller/benchmarking.rb:51:in `render'
C:/Ruby187/lib/ruby/gems/1.8/gems/activesupport-2.3.8/lib/active_support/core_ext/benchmark.rb:17:in `ms'
C:/Ruby187/lib/ruby/1.8/benchmark.rb:308:in `realtime'
C:/Ruby187/lib/ruby/gems/1.8/gems/activesupport-2.3.8/lib/active_support/core_ext/benchmark.rb:17:in `ms'
C:/Ruby187/lib/ruby/gems/1.8/gems/actionpack-2.3.8/lib/action_controller/benchmarking.rb:51:in `render'
C:/Ruby187/lib/ruby/gems/1.8/gems/actionpack-2.3.8/lib/action_controller/base.rb:1326:in `default_render'
C:/Ruby187/lib/ruby/gems/1.8/gems/actionpack-2.3.8/lib/action_controller/base.rb:1332:in `perform_action_without_filters'
C:/Ruby187/lib/ruby/gems/1.8/gems/actionpack-2.3.8/lib/action_controller/filters.rb:617:in `call_filters'
C:/Ruby187/lib/ruby/gems/1.8/gems/actionpack-2.3.8/lib/action_controller/filters.rb:610:in `perform_action_without_benchmark'
C:/Ruby187/lib/ruby/gems/1.8/gems/actionpack-2.3.8/lib/action_controller/benchmarking.rb:68:in `perform_action_without_rescue'
C:/Ruby187/lib/ruby/gems/1.8/gems/activesupport-2.3.8/lib/active_support/core_ext/benchmark.rb:17:in `ms'
C:/Ruby187/lib/ruby/1.8/benchmark.rb:308:in `realtime'
C:/Ruby187/lib/ruby/gems/1.8/gems/activesupport-2.3.8/lib/active_support/core_ext/benchmark.rb:17:in `ms'
C:/Ruby187/lib/ruby/gems/1.8/gems/actionpack-2.3.8/lib/action_controller/benchmarking.rb:68:in `perform_action_without_rescue'
C:/Ruby187/lib/ruby/gems/1.8/gems/actionpack-2.3.8/lib/action_controller/rescue.rb:160:in `perform_action_without_flash'
C:/Ruby187/lib/ruby/gems/1.8/gems/actionpack-2.3.8/lib/action_controller/flash.rb:151:in `perform_action'
C:/Ruby187/lib/ruby/gems/1.8/gems/actionpack-2.3.8/lib/action_controller/base.rb:532:in `send'
C:/Ruby187/lib/ruby/gems/1.8/gems/actionpack-2.3.8/lib/action_controller/base.rb:532:in `process_without_filters'
C:/Ruby187/lib/ruby/gems/1.8/gems/actionpack-2.3.8/lib/action_controller/filters.rb:606:in `process'
C:/Ruby187/lib/ruby/gems/1.8/gems/actionpack-2.3.8/lib/action_controller/base.rb:391:in `process'
C:/Ruby187/lib/ruby/gems/1.8/gems/actionpack-2.3.8/lib/action_controller/base.rb:386:in `call'
C:/Ruby187/lib/ruby/gems/1.8/gems/actionpack-2.3.8/lib/action_controller/routing/route_set.rb:438:in `call'
C:/Ruby187/lib/ruby/gems/1.8/gems/actionpack-2.3.8/lib/action_controller/dispatcher.rb:87:in `dispatch'
C:/Ruby187/lib/ruby/gems/1.8/gems/actionpack-2.3.8/lib/action_controller/dispatcher.rb:121:in `_call'
C:/Ruby187/lib/ruby/gems/1.8/gems/actionpack-2.3.8/lib/action_controller/dispatcher.rb:130:in `build_middleware_stack'
C:/Ruby187/lib/ruby/gems/1.8/gems/activerecord-2.3.8/lib/active_record/query_cache.rb:29:in `call'
C:/Ruby187/lib/ruby/gems/1.8/gems/activerecord-2.3.8/lib/active_record/query_cache.rb:29:in `call'
C:/Ruby187/lib/ruby/gems/1.8/gems/activerecord-2.3.8/lib/active_record/connection_adapters/abstract/query_cache.rb:34:in `cache'
C:/Ruby187/lib/ruby/gems/1.8/gems/activerecord-2.3.8/lib/active_record/query_cache.rb:9:in `cache'
C:/Ruby187/lib/ruby/gems/1.8/gems/activerecord-2.3.8/lib/active_record/query_cache.rb:28:in `call'
C:/Ruby187/lib/ruby/gems/1.8/gems/activerecord-2.3.8/lib/active_record/connection_adapters/abstract/connection_pool.rb:361:in `call'
C:/Ruby187/lib/ruby/gems/1.8/gems/actionpack-2.3.8/lib/action_controller/string_coercion.rb:25:in `call'
C:/Ruby187/lib/ruby/gems/1.8/gems/rack-1.1.2/lib/rack/head.rb:9:in `call'
C:/Ruby187/lib/ruby/gems/1.8/gems/rack-1.1.2/lib/rack/methodoverride.rb:24:in `call'
C:/Ruby187/lib/ruby/gems/1.8/gems/actionpack-2.3.8/lib/action_controller/params_parser.rb:15:in `call'
C:/Ruby187/lib/ruby/gems/1.8/gems/actionpack-2.3.8/lib/action_controller/session/cookie_store.rb:99:in `call'
C:/Ruby187/lib/ruby/gems/1.8/gems/actionpack-2.3.8/lib/action_controller/failsafe.rb:26:in `call'
C:/Ruby187/lib/ruby/gems/1.8/gems/rack-1.1.2/lib/rack/lock.rb:11:in `call'
C:/Ruby187/lib/ruby/gems/1.8/gems/rack-1.1.2/lib/rack/lock.rb:11:in `synchronize'
C:/Ruby187/lib/ruby/gems/1.8/gems/rack-1.1.2/lib/rack/lock.rb:11:in `call'
C:/Ruby187/lib/ruby/gems/1.8/gems/actionpack-2.3.8/lib/action_controller/dispatcher.rb:114:in `call'
C:/Ruby187/lib/ruby/gems/1.8/gems/actionpack-2.3.8/lib/action_controller/reloader.rb:34:in `run'
C:/Ruby187/lib/ruby/gems/1.8/gems/actionpack-2.3.8/lib/action_controller/dispatcher.rb:108:in `call'
C:/Ruby187/lib/ruby/gems/1.8/gems/rails-2.3.8/lib/rails/rack/static.rb:31:in `call'
C:/Ruby187/lib/ruby/gems/1.8/gems/rack-1.1.2/lib/rack/urlmap.rb:47:in `call'
C:/Ruby187/lib/ruby/gems/1.8/gems/rack-1.1.2/lib/rack/urlmap.rb:41:in `each'
C:/Ruby187/lib/ruby/gems/1.8/gems/rack-1.1.2/lib/rack/urlmap.rb:41:in `call'
C:/Ruby187/lib/ruby/gems/1.8/gems/rails-2.3.8/lib/rails/rack/log_tailer.rb:17:in `call'
C:/Ruby187/lib/ruby/gems/1.8/gems/rack-1.1.2/lib/rack/content_length.rb:13:in `call'
C:/Ruby187/lib/ruby/gems/1.8/gems/rack-1.1.2/lib/rack/handler/webrick.rb:48:in `service'
C:/Ruby187/lib/ruby/1.8/webrick/httpserver.rb:104:in `service'
C:/Ruby187/lib/ruby/1.8/webrick/httpserver.rb:65:in `run'
C:/Ruby187/lib/ruby/1.8/webrick/server.rb:173:in `start_thread'
C:/Ruby187/lib/ruby/1.8/webrick/server.rb:162:in `start'
C:/Ruby187/lib/ruby/1.8/webrick/server.rb:162:in `start_thread'
C:/Ruby187/lib/ruby/1.8/webrick/server.rb:95:in `start'
C:/Ruby187/lib/ruby/1.8/webrick/server.rb:92:in `each'
C:/Ruby187/lib/ruby/1.8/webrick/server.rb:92:in `start'
C:/Ruby187/lib/ruby/1.8/webrick/server.rb:23:in `start'
C:/Ruby187/lib/ruby/1.8/webrick/server.rb:82:in `start'
C:/Ruby187/lib/ruby/gems/1.8/gems/rack-1.1.2/lib/rack/handler/webrick.rb:14:in `run'
C:/Ruby187/lib/ruby/gems/1.8/gems/rails-2.3.8/lib/commands/server.rb:111
C:/Ruby187/lib/ruby/site_ruby/1.8/rubygems/custom_require.rb:29:in `gem_original_require'
C:/Ruby187/lib/ruby/site_ruby/1.8/rubygems/custom_require.rb:29:in `require'
script/server:3

ActionView::TemplateError (compile error
E:/facemash/app/views/my_admin/main/main.rhtml:36: syntax error, unexpected kEND
; @output_buffer.concat(( end ).to_s); @output_buffer.conca...
                             ^) on line #36 of app/views/my_admin/main/main.rhtml:
33:           <%= text_field_tag('query', '', :size => 7) %>
34:           <input type="submit" value="Go"/>
35:       </td>
36:       <%= end %>
37:       <td>
38:       <% destroy_all = url_for(:controller => 'model', :action => 'destroy_all', :model => m.to_s) %>
39:       <%= link_to_remote("#{trash_img} Destroy All", :url => destroy_all, :post => true, :loading => 'loading()', :complete => 'loaded()', :confirm => destroy_confirm_txt) %></td>

    app/views/my_admin/main/main.rhtml:46:in `compile!'
    C:/Ruby187/lib/ruby/1.8/webrick/httpserver.rb:104:in `service'
    C:/Ruby187/lib/ruby/1.8/webrick/httpserver.rb:65:in `run'
    C:/Ruby187/lib/ruby/1.8/webrick/server.rb:173:in `start_thread'
    C:/Ruby187/lib/ruby/1.8/webrick/server.rb:162:in `start'
    C:/Ruby187/lib/ruby/1.8/webrick/server.rb:162:in `start_thread'
    C:/Ruby187/lib/ruby/1.8/webrick/server.rb:95:in `start'
    C:/Ruby187/lib/ruby/1.8/webrick/server.rb:92:in `each'
    C:/Ruby187/lib/ruby/1.8/webrick/server.rb:92:in `start'
    C:/Ruby187/lib/ruby/1.8/webrick/server.rb:23:in `start'
    C:/Ruby187/lib/ruby/1.8/webrick/server.rb:82:in `start'

Rendered rescues/_trace (44.0ms)
Rendered rescues/_request_and_response (0.0ms)
Rendering rescues/layout (internal_server_error)
  [4;35;1mSQL (0.0ms)[0m   [0mSET SQL_AUTO_IS_NULL=0[0m


Processing MyAdmin::MainController#models (for 127.0.0.1 at 2011-08-13 13:32:24) [GET]
Rendering my_admin/main/models
  [4;36;1mItem Columns (3.0ms)[0m   [0;1mSHOW FIELDS FROM `items`[0m
  [4;35;1mSQL (0.0ms)[0m   [0mSELECT count(*) AS count_all FROM `items` [0m
Completed in 15ms (View: 7, DB: 3) | 200 OK [http://localhost/my_admin/main/models]
  [4;36;1mSQL (0.0ms)[0m   [0;1mSET SQL_AUTO_IS_NULL=0[0m


Processing MyAdmin::MainController#index (for 127.0.0.1 at 2011-08-13 13:33:20) [GET]
Rendering template within layouts/my_admin
Rendering my_admin/main/index
Completed in 6ms (View: 4, DB: 0) | 200 OK [http://localhost/my_admin/main]
  [4;35;1mSQL (0.0ms)[0m   [0mSET SQL_AUTO_IS_NULL=0[0m


Processing MyAdmin::MainController#main (for 127.0.0.1 at 2011-08-13 13:33:21) [GET]
Rendering my_admin/main/main
ERROR: compiling _run_rhtml_app47views47my_admin47main47main46rhtml RAISED compile error
E:/facemash/app/views/my_admin/main/main.rhtml:44: syntax error, unexpected kENSURE, expecting $end
Function body:           def _run_rhtml_app47views47my_admin47main47main46rhtml(local_assigns)
            old_output_buffer = output_buffer;;@output_buffer = '';  __in_erb_template=true ; @output_buffer.concat(( render :partial => 'includes' ).to_s); @output_buffer.concat "\n\n<style type=\"text/css\">\n<!--\na {text-decoration: none;}\na:hover {\n  background-color: #369;\n  color: #fff;\n}\n-->\n</style>\n\n<h1>MyAdmin Dashboard</h1>\n"












; 
trash_img = image_tag('/my_admin/images/destroy.png', :border => 'none')
destroy_confirm_txt = "Are you 100% sure?\nThis will destroy ALL ROWS in this table and cannot be undone."
@output_buffer.concat "\n<table cellpadding=\"2\" cellspacing=\"2\" width=\"98%\">\n  <tr>\n    <th></th>\n    <th align=\"left\"></th>\n    <th align=\"left\">Quick Lookup</th>\n  </tr>\n  "






;  @models.each do |m| ; @output_buffer.concat "\n    <tr valign=\"middle\" class=\""
; @output_buffer.concat(( cycle("even", "odd-main") ).to_s); @output_buffer.concat "\">\n      <td style=\"font-size:1.9em\" width=\"33%\">"
; @output_buffer.concat "</td>\n      <td>"
; @output_buffer.concat(( link_to('Spy', url_for(:controller => 'spy', :action => 'index', :model => m.to_s), :target => 'frame_content') ).to_s); @output_buffer.concat "</td>\n      "
;  form_tag(url_for(:controller => 'model', :action => 'lookup', :model => m.to_s)) ; @output_buffer.concat "\n      <td width=\"300px;\">\n          <select name=\"column_name\" style=\"width: 150px;\">\n            "


; @output_buffer.concat(( column_options(m.columns) ).to_s); @output_buffer.concat "\n          </select>\n          "

; @output_buffer.concat(( text_field_tag('query', '', :size => 7) ).to_s); @output_buffer.concat "\n          <input type=\"submit\" value=\"Go\"/>\n      </td>\n      "


;  end ; @output_buffer.concat "\n      <td>\n      "

;  destroy_all = url_for(:controller => 'model', :action => 'destroy_all', :model => m.to_s) ; @output_buffer.concat "\n      "
; @output_buffer.concat(( link_to_remote("#{trash_img} Destroy All", :url => destroy_all, :post => true, :loading => 'loading()', :complete => 'loaded()', :confirm => destroy_confirm_txt) ).to_s); @output_buffer.concat "</td>\n    </tr>\n  "

;  end ; @output_buffer.concat "\n</table>\n"

; @output_buffer
          ensure
            self.output_buffer = old_output_buffer
          end
Backtrace: E:/facemash/app/views/my_admin/main/main.rhtml:44:in `compile!'
C:/Ruby187/lib/ruby/gems/1.8/gems/actionpack-2.3.8/lib/action_view/renderable.rb:61:in `compile'
C:/Ruby187/lib/ruby/gems/1.8/gems/actionpack-2.3.8/lib/action_view/renderable.rb:28:in `render'
C:/Ruby187/lib/ruby/gems/1.8/gems/actionpack-2.3.8/lib/action_view/template.rb:205:in `render_template'
C:/Ruby187/lib/ruby/gems/1.8/gems/actionpack-2.3.8/lib/action_view/base.rb:265:in `render'
C:/Ruby187/lib/ruby/gems/1.8/gems/actionpack-2.3.8/lib/action_controller/base.rb:1250:in `render_for_file'
C:/Ruby187/lib/ruby/gems/1.8/gems/actionpack-2.3.8/lib/action_controller/base.rb:936:in `render_without_benchmark'
C:/Ruby187/lib/ruby/gems/1.8/gems/actionpack-2.3.8/lib/action_controller/benchmarking.rb:51:in `render'
C:/Ruby187/lib/ruby/gems/1.8/gems/activesupport-2.3.8/lib/active_support/core_ext/benchmark.rb:17:in `ms'
C:/Ruby187/lib/ruby/1.8/benchmark.rb:308:in `realtime'
C:/Ruby187/lib/ruby/gems/1.8/gems/activesupport-2.3.8/lib/active_support/core_ext/benchmark.rb:17:in `ms'
C:/Ruby187/lib/ruby/gems/1.8/gems/actionpack-2.3.8/lib/action_controller/benchmarking.rb:51:in `render'
C:/Ruby187/lib/ruby/gems/1.8/gems/actionpack-2.3.8/lib/action_controller/base.rb:1326:in `default_render'
C:/Ruby187/lib/ruby/gems/1.8/gems/actionpack-2.3.8/lib/action_controller/base.rb:1332:in `perform_action_without_filters'
C:/Ruby187/lib/ruby/gems/1.8/gems/actionpack-2.3.8/lib/action_controller/filters.rb:617:in `call_filters'
C:/Ruby187/lib/ruby/gems/1.8/gems/actionpack-2.3.8/lib/action_controller/filters.rb:610:in `perform_action_without_benchmark'
C:/Ruby187/lib/ruby/gems/1.8/gems/actionpack-2.3.8/lib/action_controller/benchmarking.rb:68:in `perform_action_without_rescue'
C:/Ruby187/lib/ruby/gems/1.8/gems/activesupport-2.3.8/lib/active_support/core_ext/benchmark.rb:17:in `ms'
C:/Ruby187/lib/ruby/1.8/benchmark.rb:308:in `realtime'
C:/Ruby187/lib/ruby/gems/1.8/gems/activesupport-2.3.8/lib/active_support/core_ext/benchmark.rb:17:in `ms'
C:/Ruby187/lib/ruby/gems/1.8/gems/actionpack-2.3.8/lib/action_controller/benchmarking.rb:68:in `perform_action_without_rescue'
C:/Ruby187/lib/ruby/gems/1.8/gems/actionpack-2.3.8/lib/action_controller/rescue.rb:160:in `perform_action_without_flash'
C:/Ruby187/lib/ruby/gems/1.8/gems/actionpack-2.3.8/lib/action_controller/flash.rb:151:in `perform_action'
C:/Ruby187/lib/ruby/gems/1.8/gems/actionpack-2.3.8/lib/action_controller/base.rb:532:in `send'
C:/Ruby187/lib/ruby/gems/1.8/gems/actionpack-2.3.8/lib/action_controller/base.rb:532:in `process_without_filters'
C:/Ruby187/lib/ruby/gems/1.8/gems/actionpack-2.3.8/lib/action_controller/filters.rb:606:in `process'
C:/Ruby187/lib/ruby/gems/1.8/gems/actionpack-2.3.8/lib/action_controller/base.rb:391:in `process'
C:/Ruby187/lib/ruby/gems/1.8/gems/actionpack-2.3.8/lib/action_controller/base.rb:386:in `call'
C:/Ruby187/lib/ruby/gems/1.8/gems/actionpack-2.3.8/lib/action_controller/routing/route_set.rb:438:in `call'
C:/Ruby187/lib/ruby/gems/1.8/gems/actionpack-2.3.8/lib/action_controller/dispatcher.rb:87:in `dispatch'
C:/Ruby187/lib/ruby/gems/1.8/gems/actionpack-2.3.8/lib/action_controller/dispatcher.rb:121:in `_call'
C:/Ruby187/lib/ruby/gems/1.8/gems/actionpack-2.3.8/lib/action_controller/dispatcher.rb:130:in `build_middleware_stack'
C:/Ruby187/lib/ruby/gems/1.8/gems/activerecord-2.3.8/lib/active_record/query_cache.rb:29:in `call'
C:/Ruby187/lib/ruby/gems/1.8/gems/activerecord-2.3.8/lib/active_record/query_cache.rb:29:in `call'
C:/Ruby187/lib/ruby/gems/1.8/gems/activerecord-2.3.8/lib/active_record/connection_adapters/abstract/query_cache.rb:34:in `cache'
C:/Ruby187/lib/ruby/gems/1.8/gems/activerecord-2.3.8/lib/active_record/query_cache.rb:9:in `cache'
C:/Ruby187/lib/ruby/gems/1.8/gems/activerecord-2.3.8/lib/active_record/query_cache.rb:28:in `call'
C:/Ruby187/lib/ruby/gems/1.8/gems/activerecord-2.3.8/lib/active_record/connection_adapters/abstract/connection_pool.rb:361:in `call'
C:/Ruby187/lib/ruby/gems/1.8/gems/actionpack-2.3.8/lib/action_controller/string_coercion.rb:25:in `call'
C:/Ruby187/lib/ruby/gems/1.8/gems/rack-1.1.2/lib/rack/head.rb:9:in `call'
C:/Ruby187/lib/ruby/gems/1.8/gems/rack-1.1.2/lib/rack/methodoverride.rb:24:in `call'
C:/Ruby187/lib/ruby/gems/1.8/gems/actionpack-2.3.8/lib/action_controller/params_parser.rb:15:in `call'
C:/Ruby187/lib/ruby/gems/1.8/gems/actionpack-2.3.8/lib/action_controller/session/cookie_store.rb:99:in `call'
C:/Ruby187/lib/ruby/gems/1.8/gems/actionpack-2.3.8/lib/action_controller/failsafe.rb:26:in `call'
C:/Ruby187/lib/ruby/gems/1.8/gems/rack-1.1.2/lib/rack/lock.rb:11:in `call'
C:/Ruby187/lib/ruby/gems/1.8/gems/rack-1.1.2/lib/rack/lock.rb:11:in `synchronize'
C:/Ruby187/lib/ruby/gems/1.8/gems/rack-1.1.2/lib/rack/lock.rb:11:in `call'
C:/Ruby187/lib/ruby/gems/1.8/gems/actionpack-2.3.8/lib/action_controller/dispatcher.rb:114:in `call'
C:/Ruby187/lib/ruby/gems/1.8/gems/actionpack-2.3.8/lib/action_controller/reloader.rb:34:in `run'
C:/Ruby187/lib/ruby/gems/1.8/gems/actionpack-2.3.8/lib/action_controller/dispatcher.rb:108:in `call'
C:/Ruby187/lib/ruby/gems/1.8/gems/rails-2.3.8/lib/rails/rack/static.rb:31:in `call'
C:/Ruby187/lib/ruby/gems/1.8/gems/rack-1.1.2/lib/rack/urlmap.rb:47:in `call'
C:/Ruby187/lib/ruby/gems/1.8/gems/rack-1.1.2/lib/rack/urlmap.rb:41:in `each'
C:/Ruby187/lib/ruby/gems/1.8/gems/rack-1.1.2/lib/rack/urlmap.rb:41:in `call'
C:/Ruby187/lib/ruby/gems/1.8/gems/rails-2.3.8/lib/rails/rack/log_tailer.rb:17:in `call'
C:/Ruby187/lib/ruby/gems/1.8/gems/rack-1.1.2/lib/rack/content_length.rb:13:in `call'
C:/Ruby187/lib/ruby/gems/1.8/gems/rack-1.1.2/lib/rack/handler/webrick.rb:48:in `service'
C:/Ruby187/lib/ruby/1.8/webrick/httpserver.rb:104:in `service'
C:/Ruby187/lib/ruby/1.8/webrick/httpserver.rb:65:in `run'
C:/Ruby187/lib/ruby/1.8/webrick/server.rb:173:in `start_thread'
C:/Ruby187/lib/ruby/1.8/webrick/server.rb:162:in `start'
C:/Ruby187/lib/ruby/1.8/webrick/server.rb:162:in `start_thread'
C:/Ruby187/lib/ruby/1.8/webrick/server.rb:95:in `start'
C:/Ruby187/lib/ruby/1.8/webrick/server.rb:92:in `each'
C:/Ruby187/lib/ruby/1.8/webrick/server.rb:92:in `start'
C:/Ruby187/lib/ruby/1.8/webrick/server.rb:23:in `start'
C:/Ruby187/lib/ruby/1.8/webrick/server.rb:82:in `start'
C:/Ruby187/lib/ruby/gems/1.8/gems/rack-1.1.2/lib/rack/handler/webrick.rb:14:in `run'
C:/Ruby187/lib/ruby/gems/1.8/gems/rails-2.3.8/lib/commands/server.rb:111
C:/Ruby187/lib/ruby/site_ruby/1.8/rubygems/custom_require.rb:29:in `gem_original_require'
C:/Ruby187/lib/ruby/site_ruby/1.8/rubygems/custom_require.rb:29:in `require'
script/server:3

ActionView::TemplateError (compile error
E:/facemash/app/views/my_admin/main/main.rhtml:44: syntax error, unexpected kENSURE, expecting $end) on line #44 of app/views/my_admin/main/main.rhtml:
41:   <% end %>
42: </table>

    app/views/my_admin/main/main.rhtml:44:in `compile!'
    C:/Ruby187/lib/ruby/1.8/webrick/httpserver.rb:104:in `service'
    C:/Ruby187/lib/ruby/1.8/webrick/httpserver.rb:65:in `run'
    C:/Ruby187/lib/ruby/1.8/webrick/server.rb:173:in `start_thread'
    C:/Ruby187/lib/ruby/1.8/webrick/server.rb:162:in `start'
    C:/Ruby187/lib/ruby/1.8/webrick/server.rb:162:in `start_thread'
    C:/Ruby187/lib/ruby/1.8/webrick/server.rb:95:in `start'
    C:/Ruby187/lib/ruby/1.8/webrick/server.rb:92:in `each'
    C:/Ruby187/lib/ruby/1.8/webrick/server.rb:92:in `start'
    C:/Ruby187/lib/ruby/1.8/webrick/server.rb:23:in `start'
    C:/Ruby187/lib/ruby/1.8/webrick/server.rb:82:in `start'

Rendered rescues/_trace (43.0ms)
Rendered rescues/_request_and_response (0.0ms)
Rendering rescues/layout (internal_server_error)
  [4;36;1mSQL (1.0ms)[0m   [0;1mSET SQL_AUTO_IS_NULL=0[0m


Processing MyAdmin::MainController#models (for 127.0.0.1 at 2011-08-13 13:33:21) [GET]
Rendering my_admin/main/models
  [4;35;1mItem Columns (3.0ms)[0m   [0mSHOW FIELDS FROM `items`[0m
  [4;36;1mSQL (0.0ms)[0m   [0;1mSELECT count(*) AS count_all FROM `items` [0m
Completed in 15ms (View: 6, DB: 4) | 200 OK [http://localhost/my_admin/main/models]
  [4;35;1mSQL (1.0ms)[0m   [0mSET SQL_AUTO_IS_NULL=0[0m


Processing MyAdmin::MainController#index (for 127.0.0.1 at 2011-08-13 13:35:09) [GET]
Rendering template within layouts/my_admin
Rendering my_admin/main/index
Completed in 6ms (View: 4, DB: 1) | 200 OK [http://localhost/my_admin/main]
  [4;36;1mSQL (0.0ms)[0m   [0;1mSET SQL_AUTO_IS_NULL=0[0m


Processing MyAdmin::MainController#models (for 127.0.0.1 at 2011-08-13 13:35:10) [GET]
Rendering my_admin/main/models
  [4;35;1mItem Columns (2.0ms)[0m   [0mSHOW FIELDS FROM `items`[0m
  [4;36;1mSQL (1.0ms)[0m   [0;1mSELECT count(*) AS count_all FROM `items` [0m
Completed in 12ms (View: 4, DB: 3) | 200 OK [http://localhost/my_admin/main/models]
  [4;35;1mSQL (0.0ms)[0m   [0mSET SQL_AUTO_IS_NULL=0[0m


Processing MyAdmin::MainController#main (for 127.0.0.1 at 2011-08-13 13:35:10) [GET]
Rendering my_admin/main/main
Rendered my_admin/main/_ajax (0.0ms)
Rendered my_admin/main/_includes (4.0ms)
Completed in 25ms (View: 16, DB: 0) | 200 OK [http://localhost/my_admin/main/main]
  [4;36;1mSQL (0.0ms)[0m   [0;1mSET SQL_AUTO_IS_NULL=0[0m


Processing MyAdmin::SpyController#index (for 127.0.0.1 at 2011-08-13 13:35:18) [GET]
  Parameters: {"model"=>"Item"}

NameError (uninitialized constant MyAdmin::CommonController::Inflector):
  app/controllers/my_admin/common_controller.rb:40:in `readable_class_name'
  app/controllers/my_admin/common_controller.rb:29:in `set_class'
  C:/Ruby187/lib/ruby/1.8/webrick/httpserver.rb:104:in `service'
  C:/Ruby187/lib/ruby/1.8/webrick/httpserver.rb:65:in `run'
  C:/Ruby187/lib/ruby/1.8/webrick/server.rb:173:in `start_thread'
  C:/Ruby187/lib/ruby/1.8/webrick/server.rb:162:in `start'
  C:/Ruby187/lib/ruby/1.8/webrick/server.rb:162:in `start_thread'
  C:/Ruby187/lib/ruby/1.8/webrick/server.rb:95:in `start'
  C:/Ruby187/lib/ruby/1.8/webrick/server.rb:92:in `each'
  C:/Ruby187/lib/ruby/1.8/webrick/server.rb:92:in `start'
  C:/Ruby187/lib/ruby/1.8/webrick/server.rb:23:in `start'
  C:/Ruby187/lib/ruby/1.8/webrick/server.rb:82:in `start'

Rendered rescues/_trace (41.0ms)
Rendered rescues/_request_and_response (0.0ms)
Rendering rescues/layout (internal_server_error)
  [4;36;1mSQL (0.0ms)[0m   [0;1mSET SQL_AUTO_IS_NULL=0[0m


Processing MyAdmin::MainController#index (for 127.0.0.1 at 2011-08-13 13:36:25) [GET]
Rendering template within layouts/my_admin
Rendering my_admin/main/index
Completed in 17ms (View: 14, DB: 0) | 200 OK [http://localhost/my_admin/main]
  [4;35;1mSQL (0.0ms)[0m   [0mSET SQL_AUTO_IS_NULL=0[0m


Processing MyAdmin::MainController#models (for 127.0.0.1 at 2011-08-13 13:36:26) [GET]
Rendering my_admin/main/models
  [4;36;1mItem Columns (3.0ms)[0m   [0;1mSHOW FIELDS FROM `items`[0m
  [4;35;1mSQL (0.0ms)[0m   [0mSELECT count(*) AS count_all FROM `items` [0m
Completed in 19ms (View: 11, DB: 3) | 200 OK [http://localhost/my_admin/main/models]
  [4;36;1mSQL (0.0ms)[0m   [0;1mSET SQL_AUTO_IS_NULL=0[0m


Processing MyAdmin::MainController#main (for 127.0.0.1 at 2011-08-13 13:36:26) [GET]
Rendering my_admin/main/main
Rendered my_admin/main/_ajax (1.0ms)
Rendered my_admin/main/_includes (10.0ms)

ActionView::TemplateError (uninitialized constant MyAdmin::CommonController::Inflector) on line #26 of app/views/my_admin/main/main.rhtml:
23:   </tr>
24:   <% @models.each do |m| %>
25:     <tr valign="middle" class="<%= cycle("even", "odd-main") %>">
26:       <td style="font-size:1.9em" width="33%"><%= link_to(readable_class_name(m), url_for(:controller => 'model', :action => 'list', :model => m.to_s), :target => 'frame_content') %></td>
27:       <td><%= link_to('Spy', url_for(:controller => 'spy', :action => 'index', :model => m.to_s), :target => 'frame_content') %></td>
28:       <%= form_tag(url_for(:controller => 'model', :action => 'lookup', :model => m.to_s)) %>
29:       <td width="300px;">

    app/controllers/my_admin/common_controller.rb:40:in `readable_class_name'
    (eval):2:in `send'
    (eval):2:in `readable_class_name'
    app/views/my_admin/main/main.rhtml:26:in `_run_rhtml_app47views47my_admin47main47main46rhtml'
    app/views/my_admin/main/main.rhtml:24:in `each'
    app/views/my_admin/main/main.rhtml:24:in `_run_rhtml_app47views47my_admin47main47main46rhtml'
    C:/Ruby187/lib/ruby/1.8/webrick/httpserver.rb:104:in `service'
    C:/Ruby187/lib/ruby/1.8/webrick/httpserver.rb:65:in `run'
    C:/Ruby187/lib/ruby/1.8/webrick/server.rb:173:in `start_thread'
    C:/Ruby187/lib/ruby/1.8/webrick/server.rb:162:in `start'
    C:/Ruby187/lib/ruby/1.8/webrick/server.rb:162:in `start_thread'
    C:/Ruby187/lib/ruby/1.8/webrick/server.rb:95:in `start'
    C:/Ruby187/lib/ruby/1.8/webrick/server.rb:92:in `each'
    C:/Ruby187/lib/ruby/1.8/webrick/server.rb:92:in `start'
    C:/Ruby187/lib/ruby/1.8/webrick/server.rb:23:in `start'
    C:/Ruby187/lib/ruby/1.8/webrick/server.rb:82:in `start'

Rendered rescues/_trace (53.0ms)
Rendered rescues/_request_and_response (1.0ms)
Rendering rescues/layout (internal_server_error)
